{"meta": {"format": 3, "version": "7.10.1", "timestamp": "2025-10-06T23:38:55.528187", "branch_coverage": true, "show_contexts": false}, "files": {"tree_sitter_analyzer\\__init__.py": {"executed_lines": [2, 14, 15, 16, 21, 22, 33, 34, 38, 52, 63, 64, 65, 68, 78], "summary": {"covered_lines": 14, "num_statements": 14, "percent_covered": 100.0, "percent_covered_display": "100.00", "missing_lines": 0, "excluded_lines": 0, "num_branches": 0, "num_partial_branches": 0, "covered_branches": 0, "missing_branches": 0}, "missing_lines": [], "excluded_lines": [], "executed_branches": [], "missing_branches": [], "functions": {"": {"executed_lines": [2, 14, 15, 16, 21, 22, 33, 34, 38, 52, 63, 64, 65, 68, 78], "summary": {"covered_lines": 14, "num_statements": 14, "percent_covered": 100.0, "percent_covered_display": "100.00", "missing_lines": 0, "excluded_lines": 0, "num_branches": 0, "num_partial_branches": 0, "covered_branches": 0, "missing_branches": 0}, "missing_lines": [], "excluded_lines": [], "executed_branches": [], "missing_branches": []}}, "classes": {"": {"executed_lines": [2, 14, 15, 16, 21, 22, 33, 34, 38, 52, 63, 64, 65, 68, 78], "summary": {"covered_lines": 14, "num_statements": 14, "percent_covered": 100.0, "percent_covered_display": "100.00", "missing_lines": 0, "excluded_lines": 0, "num_branches": 0, "num_partial_branches": 0, "covered_branches": 0, "missing_branches": 0}, "missing_lines": [], "excluded_lines": [], "executed_branches": [], "missing_branches": []}}}, "tree_sitter_analyzer\\__main__.py": {"executed_lines": [2, 8, 10], "summary": {"covered_lines": 1, "num_statements": 1, "percent_covered": 100.0, "percent_covered_display": "100.00", "missing_lines": 0, "excluded_lines": 2, "num_branches": 0, "num_partial_branches": 0, "covered_branches": 0, "missing_branches": 0}, "missing_lines": [], "excluded_lines": [10, 11], "executed_branches": [], "missing_branches": [], "functions": {"": {"executed_lines": [2, 8, 10], "summary": {"covered_lines": 1, "num_statements": 1, "percent_covered": 100.0, "percent_covered_display": "100.00", "missing_lines": 0, "excluded_lines": 2, "num_branches": 0, "num_partial_branches": 0, "covered_branches": 0, "missing_branches": 0}, "missing_lines": [], "excluded_lines": [10, 11], "executed_branches": [], "missing_branches": []}}, "classes": {"": {"executed_lines": [2, 8, 10], "summary": {"covered_lines": 1, "num_statements": 1, "percent_covered": 100.0, "percent_covered_display": "100.00", "missing_lines": 0, "excluded_lines": 2, "num_branches": 0, "num_partial_branches": 0, "covered_branches": 0, "missing_branches": 0}, "missing_lines": [], "excluded_lines": [10, 11], "executed_branches": [], "missing_branches": []}}}, "tree_sitter_analyzer\\api.py": {"executed_lines": [2, 10, 11, 12, 14, 15, 17, 20, 23, 31, 32, 33, 36, 69, 70, 73, 76, 96, 97, 98, 99, 109, 110, 111, 112, 113, 114, 115, 116, 117, 118, 119, 120, 121, 122, 123, 124, 125, 126, 127, 128, 129, 130, 131, 132, 133, 134, 135, 136, 137, 138, 141, 157, 160, 161, 164, 165, 168, 171, 174, 176, 178, 197, 217, 218, 221, 224, 237, 238, 239, 240, 250, 252, 254, 256, 257, 258, 259, 260, 261, 262, 263, 264, 265, 266, 267, 268, 269, 270, 271, 272, 273, 274, 275, 276, 277, 278, 279, 282, 298, 301, 302, 305, 309, 312, 315, 322, 329, 330, 331, 337, 347, 348, 350, 351, 352, 353, 362, 372, 373, 374, 380, 390, 391, 393, 399, 433, 443, 445, 455, 457, 458, 459, 462, 463, 464, 465, 466, 472, 473, 475, 476, 477, 483, 488, 491, 498, 499, 501, 527, 541, 543, 551, 552, 553, 579, 595, 597, 601, 602, 605, 606, 607, 608, 612, 613, 615, 629, 630, 631, 635, 640], "summary": {"covered_lines": 171, "num_statements": 238, "percent_covered": 73.59550561797752, "percent_covered_display": "73.60", "missing_lines": 67, "excluded_lines": 0, "num_branches": 118, "num_partial_branches": 17, "covered_branches": 91, "missing_branches": 27}, "missing_lines": [143, 144, 152, 153, 155, 169, 172, 179, 181, 182, 187, 189, 190, 251, 253, 255, 284, 285, 293, 294, 296, 306, 310, 313, 317, 318, 319, 332, 333, 334, 356, 357, 358, 359, 375, 376, 377, 394, 395, 396, 409, 410, 412, 413, 414, 417, 427, 428, 429, 430, 467, 468, 469, 478, 480, 485, 486, 522, 523, 524, 562, 569, 570, 571, 623, 637, 642], "excluded_lines": [], "executed_branches": [[31, 32], [31, 33], [96, 97], [96, 160], [98, 99], [98, 160], [109, 110], [109, 111], [111, 112], [111, 113], [113, 114], [113, 115], [115, 116], [115, 117], [117, 118], [117, 119], [119, 120], [119, 121], [121, 122], [121, 123], [123, 124], [123, 125], [125, 126], [125, 127], [127, 128], [127, 129], [129, 130], [129, 131], [131, 132], [131, 133], [133, 134], [133, 135], [135, 136], [135, 137], [137, 138], [137, 141], [141, 157], [160, 161], [160, 164], [164, 165], [164, 168], [168, 171], [171, 174], [237, 238], [239, 240], [239, 301], [250, 252], [252, 254], [254, 256], [256, 257], [256, 258], [258, 259], [258, 260], [260, 261], [260, 262], [262, 263], [262, 264], [264, 265], [264, 266], [266, 267], [266, 268], [268, 269], [268, 270], [270, 271], [270, 272], [272, 273], [272, 274], [274, 275], [274, 276], [276, 277], [276, 278], [278, 279], [278, 282], [282, 298], [301, 302], [305, 309], [309, 312], [312, 315], [351, 352], [457, 458], [457, 462], [475, 476], [477, 483], [551, 552], [601, 602], [605, 606], [605, 615], [607, 608], [607, 613], [608, 607], [608, 612]], "missing_branches": [[141, 143], [143, 144], [143, 155], [144, 143], [144, 152], [168, 169], [171, 172], [237, 301], [250, 251], [252, 253], [254, 255], [282, 284], [284, 285], [284, 296], [285, 284], [285, 293], [301, 305], [305, 306], [309, 310], [312, 313], [351, 356], [412, 413], [412, 417], [475, 480], [477, 478], [551, 562], [601, 623]], "functions": {"get_engine": {"executed_lines": [31, 32, 33], "summary": {"covered_lines": 3, "num_statements": 3, "percent_covered": 100.0, "percent_covered_display": "100.00", "missing_lines": 0, "excluded_lines": 0, "num_branches": 2, "num_partial_branches": 0, "covered_branches": 2, "missing_branches": 0}, "missing_lines": [], "excluded_lines": [], "executed_branches": [[31, 32], [31, 33]], "missing_branches": []}, "analyze_file": {"executed_lines": [69, 70, 73, 76, 96, 97, 98, 99, 109, 110, 111, 112, 113, 114, 115, 116, 117, 118, 119, 120, 121, 122, 123, 124, 125, 126, 127, 128, 129, 130, 131, 132, 133, 134, 135, 136, 137, 138, 141, 157, 160, 161, 164, 165, 168, 171, 174, 176, 178], "summary": {"covered_lines": 49, "num_statements": 62, "percent_covered": 81.81818181818181, "percent_covered_display": "81.82", "missing_lines": 13, "excluded_lines": 0, "num_branches": 48, "num_partial_branches": 3, "covered_branches": 41, "missing_branches": 7}, "missing_lines": [143, 144, 152, 153, 155, 169, 172, 179, 181, 182, 187, 189, 190], "excluded_lines": [], "executed_branches": [[96, 97], [96, 160], [98, 99], [98, 160], [109, 110], [109, 111], [111, 112], [111, 113], [113, 114], [113, 115], [115, 116], [115, 117], [117, 118], [117, 119], [119, 120], [119, 121], [121, 122], [121, 123], [123, 124], [123, 125], [125, 126], [125, 127], [127, 128], [127, 129], [129, 130], [129, 131], [131, 132], [131, 133], [133, 134], [133, 135], [135, 136], [135, 137], [137, 138], [137, 141], [141, 157], [160, 161], [160, 164], [164, 165], [164, 168], [168, 171], [171, 174]], "missing_branches": [[141, 143], [143, 144], [143, 155], [144, 143], [144, 152], [168, 169], [171, 172]]}, "analyze_code": {"executed_lines": [217, 218, 221, 224, 237, 238, 239, 240, 250, 252, 254, 256, 257, 258, 259, 260, 261, 262, 263, 264, 265, 266, 267, 268, 269, 270, 271, 272, 273, 274, 275, 276, 277, 278, 279, 282, 298, 301, 302, 305, 309, 312, 315], "summary": {"covered_lines": 43, "num_statements": 57, "percent_covered": 74.28571428571429, "percent_covered_display": "74.29", "missing_lines": 14, "excluded_lines": 0, "num_branches": 48, "num_partial_branches": 9, "covered_branches": 35, "missing_branches": 13}, "missing_lines": [251, 253, 255, 284, 285, 293, 294, 296, 306, 310, 313, 317, 318, 319], "excluded_lines": [], "executed_branches": [[237, 238], [239, 240], [239, 301], [250, 252], [252, 254], [254, 256], [256, 257], [256, 258], [258, 259], [258, 260], [260, 261], [260, 262], [262, 263], [262, 264], [264, 265], [264, 266], [266, 267], [266, 268], [268, 269], [268, 270], [270, 271], [270, 272], [272, 273], [272, 274], [274, 275], [274, 276], [276, 277], [276, 278], [278, 279], [278, 282], [282, 298], [301, 302], [305, 309], [309, 312], [312, 315]], "missing_branches": [[237, 301], [250, 251], [252, 253], [254, 255], [282, 284], [284, 285], [284, 296], [285, 284], [285, 293], [301, 305], [305, 306], [309, 310], [312, 313]]}, "get_supported_languages": {"executed_lines": [329, 330, 331], "summary": {"covered_lines": 3, "num_statements": 6, "percent_covered": 50.0, "percent_covered_display": "50.00", "missing_lines": 3, "excluded_lines": 0, "num_branches": 0, "num_partial_branches": 0, "covered_branches": 0, "missing_branches": 0}, "missing_lines": [332, 333, 334], "excluded_lines": [], "executed_branches": [], "missing_branches": []}, "get_available_queries": {"executed_lines": [347, 348, 350, 351, 352, 353], "summary": {"covered_lines": 6, "num_statements": 10, "percent_covered": 58.333333333333336, "percent_covered_display": "58.33", "missing_lines": 4, "excluded_lines": 0, "num_branches": 2, "num_partial_branches": 1, "covered_branches": 1, "missing_branches": 1}, "missing_lines": [356, 357, 358, 359], "excluded_lines": [], "executed_branches": [[351, 352]], "missing_branches": [[351, 356]]}, "is_language_supported": {"executed_lines": [372, 373, 374], "summary": {"covered_lines": 3, "num_statements": 6, "percent_covered": 50.0, "percent_covered_display": "50.00", "missing_lines": 3, "excluded_lines": 0, "num_branches": 0, "num_partial_branches": 0, "covered_branches": 0, "missing_branches": 0}, "missing_lines": [375, 376, 377], "excluded_lines": [], "executed_branches": [], "missing_branches": []}, "detect_language": {"executed_lines": [390, 391, 393], "summary": {"covered_lines": 3, "num_statements": 6, "percent_covered": 50.0, "percent_covered_display": "50.00", "missing_lines": 3, "excluded_lines": 0, "num_branches": 0, "num_partial_branches": 0, "covered_branches": 0, "missing_branches": 0}, "missing_lines": [394, 395, 396], "excluded_lines": [], "executed_branches": [], "missing_branches": []}, "get_file_extensions": {"executed_lines": [], "summary": {"covered_lines": 0, "num_statements": 10, "percent_covered": 0.0, "percent_covered_display": "0.00", "missing_lines": 10, "excluded_lines": 0, "num_branches": 2, "num_partial_branches": 0, "covered_branches": 0, "missing_branches": 2}, "missing_lines": [409, 410, 412, 413, 414, 417, 427, 428, 429, 430], "excluded_lines": [], "executed_branches": [], "missing_branches": [[412, 413], [412, 417]]}, "validate_file": {"executed_lines": [443, 445, 455, 457, 458, 459, 462, 463, 464, 465, 466, 472, 473, 475, 476, 477, 483, 488], "summary": {"covered_lines": 18, "num_statements": 25, "percent_covered": 70.96774193548387, "percent_covered_display": "70.97", "missing_lines": 7, "excluded_lines": 0, "num_branches": 6, "num_partial_branches": 2, "covered_branches": 4, "missing_branches": 2}, "missing_lines": [467, 468, 469, 478, 480, 485, 486], "excluded_lines": [], "executed_branches": [[457, 458], [457, 462], [475, 476], [477, 483]], "missing_branches": [[475, 480], [477, 478]]}, "get_framework_info": {"executed_lines": [498, 499, 501], "summary": {"covered_lines": 3, "num_statements": 6, "percent_covered": 50.0, "percent_covered_display": "50.00", "missing_lines": 3, "excluded_lines": 0, "num_branches": 0, "num_partial_branches": 0, "covered_branches": 0, "missing_branches": 0}, "missing_lines": [522, 523, 524], "excluded_lines": [], "executed_branches": [], "missing_branches": []}, "execute_query": {"executed_lines": [541, 543, 551, 552, 553], "summary": {"covered_lines": 5, "num_statements": 9, "percent_covered": 54.54545454545455, "percent_covered_display": "54.55", "missing_lines": 4, "excluded_lines": 0, "num_branches": 2, "num_partial_branches": 1, "covered_branches": 1, "missing_branches": 1}, "missing_lines": [562, 569, 570, 571], "excluded_lines": [], "executed_branches": [[551, 552]], "missing_branches": [[551, 562]]}, "extract_elements": {"executed_lines": [595, 597, 601, 602, 605, 606, 607, 608, 612, 613, 615, 629, 630, 631], "summary": {"covered_lines": 14, "num_statements": 15, "percent_covered": 91.30434782608695, "percent_covered_display": "91.30", "missing_lines": 1, "excluded_lines": 0, "num_branches": 8, "num_partial_branches": 1, "covered_branches": 7, "missing_branches": 1}, "missing_lines": [623], "excluded_lines": [], "executed_branches": [[601, 602], [605, 606], [605, 615], [607, 608], [607, 613], [608, 607], [608, 612]], "missing_branches": [[601, 623]]}, "analyze": {"executed_lines": [], "summary": {"covered_lines": 0, "num_statements": 1, "percent_covered": 0.0, "percent_covered_display": "0.00", "missing_lines": 1, "excluded_lines": 0, "num_branches": 0, "num_partial_branches": 0, "covered_branches": 0, "missing_branches": 0}, "missing_lines": [637], "excluded_lines": [], "executed_branches": [], "missing_branches": []}, "get_languages": {"executed_lines": [], "summary": {"covered_lines": 0, "num_statements": 1, "percent_covered": 0.0, "percent_covered_display": "0.00", "missing_lines": 1, "excluded_lines": 0, "num_branches": 0, "num_partial_branches": 0, "covered_branches": 0, "missing_branches": 0}, "missing_lines": [642], "excluded_lines": [], "executed_branches": [], "missing_branches": []}, "": {"executed_lines": [2, 10, 11, 12, 14, 15, 17, 20, 23, 36, 197, 322, 337, 362, 380, 399, 433, 491, 527, 579, 635, 640], "summary": {"covered_lines": 21, "num_statements": 21, "percent_covered": 100.0, "percent_covered_display": "100.00", "missing_lines": 0, "excluded_lines": 0, "num_branches": 0, "num_partial_branches": 0, "covered_branches": 0, "missing_branches": 0}, "missing_lines": [], "excluded_lines": [], "executed_branches": [], "missing_branches": []}}, "classes": {"": {"executed_lines": [2, 10, 11, 12, 14, 15, 17, 20, 23, 31, 32, 33, 36, 69, 70, 73, 76, 96, 97, 98, 99, 109, 110, 111, 112, 113, 114, 115, 116, 117, 118, 119, 120, 121, 122, 123, 124, 125, 126, 127, 128, 129, 130, 131, 132, 133, 134, 135, 136, 137, 138, 141, 157, 160, 161, 164, 165, 168, 171, 174, 176, 178, 197, 217, 218, 221, 224, 237, 238, 239, 240, 250, 252, 254, 256, 257, 258, 259, 260, 261, 262, 263, 264, 265, 266, 267, 268, 269, 270, 271, 272, 273, 274, 275, 276, 277, 278, 279, 282, 298, 301, 302, 305, 309, 312, 315, 322, 329, 330, 331, 337, 347, 348, 350, 351, 352, 353, 362, 372, 373, 374, 380, 390, 391, 393, 399, 433, 443, 445, 455, 457, 458, 459, 462, 463, 464, 465, 466, 472, 473, 475, 476, 477, 483, 488, 491, 498, 499, 501, 527, 541, 543, 551, 552, 553, 579, 595, 597, 601, 602, 605, 606, 607, 608, 612, 613, 615, 629, 630, 631, 635, 640], "summary": {"covered_lines": 171, "num_statements": 238, "percent_covered": 73.59550561797752, "percent_covered_display": "73.60", "missing_lines": 67, "excluded_lines": 0, "num_branches": 118, "num_partial_branches": 17, "covered_branches": 91, "missing_branches": 27}, "missing_lines": [143, 144, 152, 153, 155, 169, 172, 179, 181, 182, 187, 189, 190, 251, 253, 255, 284, 285, 293, 294, 296, 306, 310, 313, 317, 318, 319, 332, 333, 334, 356, 357, 358, 359, 375, 376, 377, 394, 395, 396, 409, 410, 412, 413, 414, 417, 427, 428, 429, 430, 467, 468, 469, 478, 480, 485, 486, 522, 523, 524, 562, 569, 570, 571, 623, 637, 642], "excluded_lines": [], "executed_branches": [[31, 32], [31, 33], [96, 97], [96, 160], [98, 99], [98, 160], [109, 110], [109, 111], [111, 112], [111, 113], [113, 114], [113, 115], [115, 116], [115, 117], [117, 118], [117, 119], [119, 120], [119, 121], [121, 122], [121, 123], [123, 124], [123, 125], [125, 126], [125, 127], [127, 128], [127, 129], [129, 130], [129, 131], [131, 132], [131, 133], [133, 134], [133, 135], [135, 136], [135, 137], [137, 138], [137, 141], [141, 157], [160, 161], [160, 164], [164, 165], [164, 168], [168, 171], [171, 174], [237, 238], [239, 240], [239, 301], [250, 252], [252, 254], [254, 256], [256, 257], [256, 258], [258, 259], [258, 260], [260, 261], [260, 262], [262, 263], [262, 264], [264, 265], [264, 266], [266, 267], [266, 268], [268, 269], [268, 270], [270, 271], [270, 272], [272, 273], [272, 274], [274, 275], [274, 276], [276, 277], [276, 278], [278, 279], [278, 282], [282, 298], [301, 302], [305, 309], [309, 312], [312, 315], [351, 352], [457, 458], [457, 462], [475, 476], [477, 483], [551, 552], [601, 602], [605, 606], [605, 615], [607, 608], [607, 613], [608, 607], [608, 612]], "missing_branches": [[141, 143], [143, 144], [143, 155], [144, 143], [144, 152], [168, 169], [171, 172], [237, 301], [250, 251], [252, 253], [254, 255], [282, 284], [284, 285], [284, 296], [285, 284], [285, 293], [301, 305], [305, 306], [309, 310], [312, 313], [351, 356], [412, 413], [412, 417], [475, 480], [477, 478], [551, 562], [601, 623]]}}}, "tree_sitter_analyzer\\cli\\__init__.py": {"executed_lines": [2, 8, 17, 18, 23, 25, 26, 27, 29], "summary": {"covered_lines": 8, "num_statements": 11, "percent_covered": 72.72727272727273, "percent_covered_display": "72.73", "missing_lines": 3, "excluded_lines": 0, "num_branches": 0, "num_partial_branches": 0, "covered_branches": 0, "missing_branches": 0}, "missing_lines": [19, 20, 22], "excluded_lines": [], "executed_branches": [], "missing_branches": [], "functions": {"": {"executed_lines": [2, 8, 17, 18, 23, 25, 26, 27, 29], "summary": {"covered_lines": 8, "num_statements": 11, "percent_covered": 72.72727272727273, "percent_covered_display": "72.73", "missing_lines": 3, "excluded_lines": 0, "num_branches": 0, "num_partial_branches": 0, "covered_branches": 0, "missing_branches": 0}, "missing_lines": [19, 20, 22], "excluded_lines": [], "executed_branches": [], "missing_branches": []}}, "classes": {"": {"executed_lines": [2, 8, 17, 18, 23, 25, 26, 27, 29], "summary": {"covered_lines": 8, "num_statements": 11, "percent_covered": 72.72727272727273, "percent_covered_display": "72.73", "missing_lines": 3, "excluded_lines": 0, "num_branches": 0, "num_partial_branches": 0, "covered_branches": 0, "missing_branches": 0}, "missing_lines": [19, 20, 22], "excluded_lines": [], "executed_branches": [], "missing_branches": []}}}, "tree_sitter_analyzer\\cli\\__main__.py": {"executed_lines": [], "summary": {"covered_lines": 0, "num_statements": 1, "percent_covered": 0.0, "percent_covered_display": "0.00", "missing_lines": 1, "excluded_lines": 2, "num_branches": 0, "num_partial_branches": 0, "covered_branches": 0, "missing_branches": 0}, "missing_lines": [9], "excluded_lines": [11, 12], "executed_branches": [], "missing_branches": [], "functions": {"": {"executed_lines": [], "summary": {"covered_lines": 0, "num_statements": 1, "percent_covered": 0.0, "percent_covered_display": "0.00", "missing_lines": 1, "excluded_lines": 2, "num_branches": 0, "num_partial_branches": 0, "covered_branches": 0, "missing_branches": 0}, "missing_lines": [9], "excluded_lines": [11, 12], "executed_branches": [], "missing_branches": []}}, "classes": {"": {"executed_lines": [], "summary": {"covered_lines": 0, "num_statements": 1, "percent_covered": 0.0, "percent_covered_display": "0.00", "missing_lines": 1, "excluded_lines": 2, "num_branches": 0, "num_partial_branches": 0, "covered_branches": 0, "missing_branches": 0}, "missing_lines": [9], "excluded_lines": [11, 12], "executed_branches": [], "missing_branches": []}}}, "tree_sitter_analyzer\\cli\\commands\\__init__.py": {"executed_lines": [2, 8, 9, 10, 11, 12, 13, 14, 15, 17], "summary": {"covered_lines": 9, "num_statements": 9, "percent_covered": 100.0, "percent_covered_display": "100.00", "missing_lines": 0, "excluded_lines": 0, "num_branches": 0, "num_partial_branches": 0, "covered_branches": 0, "missing_branches": 0}, "missing_lines": [], "excluded_lines": [], "executed_branches": [], "missing_branches": [], "functions": {"": {"executed_lines": [2, 8, 9, 10, 11, 12, 13, 14, 15, 17], "summary": {"covered_lines": 9, "num_statements": 9, "percent_covered": 100.0, "percent_covered_display": "100.00", "missing_lines": 0, "excluded_lines": 0, "num_branches": 0, "num_partial_branches": 0, "covered_branches": 0, "missing_branches": 0}, "missing_lines": [], "excluded_lines": [], "executed_branches": [], "missing_branches": []}}, "classes": {"": {"executed_lines": [2, 8, 9, 10, 11, 12, 13, 14, 15, 17], "summary": {"covered_lines": 9, "num_statements": 9, "percent_covered": 100.0, "percent_covered_display": "100.00", "missing_lines": 0, "excluded_lines": 0, "num_branches": 0, "num_partial_branches": 0, "covered_branches": 0, "missing_branches": 0}, "missing_lines": [], "excluded_lines": [], "executed_branches": [], "missing_branches": []}}}, "tree_sitter_analyzer\\cli\\commands\\advanced_command.py": {"executed_lines": [2, 8, 10, 17, 18, 20, 24, 25, 27, 28, 29, 30, 32, 33, 35, 37, 39, 50, 51, 52, 54, 55, 58, 59, 62, 63, 64, 65, 67, 68, 71, 72, 73, 76, 77, 79, 80, 81, 84, 85, 87, 88, 89, 92, 93, 94, 97, 102, 105, 108, 113, 119, 122, 123, 125, 127, 129, 144, 146, 152, 153, 154, 159, 161, 162, 163, 181, 183, 185, 187, 188, 189, 191, 192, 194, 195, 196, 199, 200, 201, 204, 209, 210, 213, 215, 216, 217, 218, 219, 222, 223, 224, 225, 226, 227], "summary": {"covered_lines": 91, "num_statements": 108, "percent_covered": 80.26315789473684, "percent_covered_display": "80.26", "missing_lines": 17, "excluded_lines": 3, "num_branches": 44, "num_partial_branches": 9, "covered_branches": 31, "missing_branches": 13}, "missing_lines": [98, 99, 103, 104, 106, 107, 109, 110, 111, 112, 114, 115, 116, 135, 137, 156, 157], "excluded_lines": [8, 20, 21], "executed_branches": [[29, 30], [29, 32], [32, 33], [32, 35], [58, 59], [67, 68], [67, 122], [71, 72], [71, 76], [76, 77], [76, 84], [79, 80], [79, 81], [84, 85], [84, 92], [87, 88], [92, 93], [92, 97], [97, 102], [102, 105], [105, 108], [108, 113], [113, 119], [123, 125], [153, 154], [162, 163], [162, 183], [194, 195], [194, 204], [199, 194], [199, 200]], "missing_branches": [[58, 62], [87, 89], [97, 98], [102, 103], [105, 106], [108, 109], [110, 111], [110, 112], [113, 114], [123, 129], [153, 156], [156, -144], [156, 157]], "functions": {"AdvancedCommand.execute_async": {"executed_lines": [28, 29, 30, 32, 33, 35, 37], "summary": {"covered_lines": 7, "num_statements": 7, "percent_covered": 100.0, "percent_covered_display": "100.00", "missing_lines": 0, "excluded_lines": 0, "num_branches": 4, "num_partial_branches": 0, "covered_branches": 4, "missing_branches": 0}, "missing_lines": [], "excluded_lines": [], "executed_branches": [[29, 30], [29, 32], [32, 33], [32, 35]], "missing_branches": []}, "AdvancedCommand._calculate_file_metrics": {"executed_lines": [50, 51, 52, 54, 55, 58, 59, 62, 63, 64, 65, 67, 68, 71, 72, 73, 76, 77, 79, 80, 81, 84, 85, 87, 88, 89, 92, 93, 94, 97, 102, 105, 108, 113, 119, 122, 123, 125, 127, 129], "summary": {"covered_lines": 40, "num_statements": 55, "percent_covered": 70.58823529411765, "percent_covered_display": "70.59", "missing_lines": 15, "excluded_lines": 0, "num_branches": 30, "num_partial_branches": 8, "covered_branches": 20, "missing_branches": 10}, "missing_lines": [98, 99, 103, 104, 106, 107, 109, 110, 111, 112, 114, 115, 116, 135, 137], "excluded_lines": [], "executed_branches": [[58, 59], [67, 68], [67, 122], [71, 72], [71, 76], [76, 77], [76, 84], [79, 80], [79, 81], [84, 85], [84, 92], [87, 88], [92, 93], [92, 97], [97, 102], [102, 105], [105, 108], [108, 113], [113, 119], [123, 125]], "missing_branches": [[58, 62], [87, 89], [97, 98], [102, 103], [105, 106], [108, 109], [110, 111], [110, 112], [113, 114], [123, 129]]}, "AdvancedCommand._output_statistics": {"executed_lines": [146, 152, 153, 154], "summary": {"covered_lines": 4, "num_statements": 6, "percent_covered": 50.0, "percent_covered_display": "50.00", "missing_lines": 2, "excluded_lines": 0, "num_branches": 4, "num_partial_branches": 1, "covered_branches": 1, "missing_branches": 3}, "missing_lines": [156, 157], "excluded_lines": [], "executed_branches": [[153, 154]], "missing_branches": [[153, 156], [156, -144], [156, 157]]}, "AdvancedCommand._output_full_analysis": {"executed_lines": [161, 162, 163, 181, 183], "summary": {"covered_lines": 5, "num_statements": 5, "percent_covered": 100.0, "percent_covered_display": "100.00", "missing_lines": 0, "excluded_lines": 0, "num_branches": 2, "num_partial_branches": 0, "covered_branches": 2, "missing_branches": 0}, "missing_lines": [], "excluded_lines": [], "executed_branches": [[162, 163], [162, 183]], "missing_branches": []}, "AdvancedCommand._output_text_analysis": {"executed_lines": [187, 188, 189, 191, 192, 194, 195, 196, 199, 200, 201, 204, 209, 210, 213, 215, 216, 217, 218, 219, 222, 223, 224, 225, 226, 227], "summary": {"covered_lines": 26, "num_statements": 26, "percent_covered": 100.0, "percent_covered_display": "100.00", "missing_lines": 0, "excluded_lines": 0, "num_branches": 4, "num_partial_branches": 0, "covered_branches": 4, "missing_branches": 0}, "missing_lines": [], "excluded_lines": [], "executed_branches": [[194, 195], [194, 204], [199, 194], [199, 200]], "missing_branches": []}, "": {"executed_lines": [2, 8, 10, 17, 18, 20, 24, 25, 27, 39, 144, 159, 185], "summary": {"covered_lines": 9, "num_statements": 9, "percent_covered": 100.0, "percent_covered_display": "100.00", "missing_lines": 0, "excluded_lines": 3, "num_branches": 0, "num_partial_branches": 0, "covered_branches": 0, "missing_branches": 0}, "missing_lines": [], "excluded_lines": [8, 20, 21], "executed_branches": [], "missing_branches": []}}, "classes": {"AdvancedCommand": {"executed_lines": [28, 29, 30, 32, 33, 35, 37, 50, 51, 52, 54, 55, 58, 59, 62, 63, 64, 65, 67, 68, 71, 72, 73, 76, 77, 79, 80, 81, 84, 85, 87, 88, 89, 92, 93, 94, 97, 102, 105, 108, 113, 119, 122, 123, 125, 127, 129, 146, 152, 153, 154, 161, 162, 163, 181, 183, 187, 188, 189, 191, 192, 194, 195, 196, 199, 200, 201, 204, 209, 210, 213, 215, 216, 217, 218, 219, 222, 223, 224, 225, 226, 227], "summary": {"covered_lines": 82, "num_statements": 99, "percent_covered": 79.02097902097903, "percent_covered_display": "79.02", "missing_lines": 17, "excluded_lines": 0, "num_branches": 44, "num_partial_branches": 9, "covered_branches": 31, "missing_branches": 13}, "missing_lines": [98, 99, 103, 104, 106, 107, 109, 110, 111, 112, 114, 115, 116, 135, 137, 156, 157], "excluded_lines": [], "executed_branches": [[29, 30], [29, 32], [32, 33], [32, 35], [58, 59], [67, 68], [67, 122], [71, 72], [71, 76], [76, 77], [76, 84], [79, 80], [79, 81], [84, 85], [84, 92], [87, 88], [92, 93], [92, 97], [97, 102], [102, 105], [105, 108], [108, 113], [113, 119], [123, 125], [153, 154], [162, 163], [162, 183], [194, 195], [194, 204], [199, 194], [199, 200]], "missing_branches": [[58, 62], [87, 89], [97, 98], [102, 103], [105, 106], [108, 109], [110, 111], [110, 112], [113, 114], [123, 129], [153, 156], [156, -144], [156, 157]]}, "": {"executed_lines": [2, 8, 10, 17, 18, 20, 24, 25, 27, 39, 144, 159, 185], "summary": {"covered_lines": 9, "num_statements": 9, "percent_covered": 100.0, "percent_covered_display": "100.00", "missing_lines": 0, "excluded_lines": 3, "num_branches": 0, "num_partial_branches": 0, "covered_branches": 0, "missing_branches": 0}, "missing_lines": [], "excluded_lines": [8, 20, 21], "executed_branches": [], "missing_branches": []}}}, "tree_sitter_analyzer\\cli\\commands\\base_command.py": {"executed_lines": [2, 8, 9, 10, 11, 13, 14, 15, 16, 17, 18, 19, 22, 23, 30, 32, 35, 36, 37, 40, 41, 43, 45, 50, 53, 54, 55, 57, 59, 63, 65, 67, 69, 72, 73, 76, 78, 79, 80, 83, 85, 89, 92, 93, 94, 97, 100, 102, 104, 106, 108, 124, 130, 132, 133, 138, 139, 141, 147, 155, 156, 159, 160, 161, 164, 165, 170, 171], "summary": {"covered_lines": 64, "num_statements": 82, "percent_covered": 76.78571428571429, "percent_covered_display": "76.79", "missing_lines": 18, "excluded_lines": 12, "num_branches": 30, "num_partial_branches": 6, "covered_branches": 22, "missing_branches": 8}, "missing_lines": [46, 47, 60, 61, 109, 110, 117, 118, 119, 120, 121, 122, 143, 144, 145, 166, 167, 168], "excluded_lines": [170, 171, 172, 173, 174, 175, 176, 177, 178, 179, 180, 181], "executed_branches": [[45, 50], [53, 54], [53, 57], [59, 63], [67, 69], [67, 78], [73, 76], [79, 80], [79, 85], [85, 89], [85, 92], [92, 93], [92, 102], [93, 94], [94, 97], [108, 124], [132, 133], [132, 141], [155, 156], [155, 159], [160, 161], [160, 164]], "missing_branches": [[45, 46], [59, 60], [73, 92], [93, 102], [94, 100], [108, 109], [117, 118], [117, 124]], "functions": {"BaseCommand.__init__": {"executed_lines": [32, 35, 36, 37, 40, 41], "summary": {"covered_lines": 6, "num_statements": 6, "percent_covered": 100.0, "percent_covered_display": "100.00", "missing_lines": 0, "excluded_lines": 0, "num_branches": 0, "num_partial_branches": 0, "covered_branches": 0, "missing_branches": 0}, "missing_lines": [], "excluded_lines": [], "executed_branches": [], "missing_branches": []}, "BaseCommand.validate_file": {"executed_lines": [45, 50, 53, 54, 55, 57, 59, 63], "summary": {"covered_lines": 8, "num_statements": 12, "percent_covered": 66.66666666666667, "percent_covered_display": "66.67", "missing_lines": 4, "excluded_lines": 0, "num_branches": 6, "num_partial_branches": 2, "covered_branches": 4, "missing_branches": 2}, "missing_lines": [46, 47, 60, 61], "excluded_lines": [], "executed_branches": [[45, 50], [53, 54], [53, 57], [59, 63]], "missing_branches": [[45, 46], [59, 60]]}, "BaseCommand.detect_language": {"executed_lines": [67, 69, 72, 73, 76, 78, 79, 80, 83, 85, 89, 92, 93, 94, 97, 100, 102], "summary": {"covered_lines": 17, "num_statements": 17, "percent_covered": 90.3225806451613, "percent_covered_display": "90.32", "missing_lines": 0, "excluded_lines": 0, "num_branches": 14, "num_partial_branches": 3, "covered_branches": 11, "missing_branches": 3}, "missing_lines": [], "excluded_lines": [], "executed_branches": [[67, 69], [67, 78], [73, 76], [79, 80], [79, 85], [85, 89], [85, 92], [92, 93], [92, 102], [93, 94], [94, 97]], "missing_branches": [[73, 92], [93, 102], [94, 100]]}, "BaseCommand.analyze_file": {"executed_lines": [106, 108, 124, 130, 132, 133, 138, 139, 141], "summary": {"covered_lines": 9, "num_statements": 20, "percent_covered": 46.15384615384615, "percent_covered_display": "46.15", "missing_lines": 11, "excluded_lines": 0, "num_branches": 6, "num_partial_branches": 1, "covered_branches": 3, "missing_branches": 3}, "missing_lines": [109, 110, 117, 118, 119, 120, 121, 122, 143, 144, 145], "excluded_lines": [], "executed_branches": [[108, 124], [132, 133], [132, 141]], "missing_branches": [[108, 109], [117, 118], [117, 124]]}, "BaseCommand.execute": {"executed_lines": [155, 156, 159, 160, 161, 164, 165], "summary": {"covered_lines": 7, "num_statements": 10, "percent_covered": 78.57142857142857, "percent_covered_display": "78.57", "missing_lines": 3, "excluded_lines": 0, "num_branches": 4, "num_partial_branches": 0, "covered_branches": 4, "missing_branches": 0}, "missing_lines": [166, 167, 168], "excluded_lines": [], "executed_branches": [[155, 156], [155, 159], [160, 161], [160, 164]], "missing_branches": []}, "BaseCommand.execute_async": {"executed_lines": [], "summary": {"covered_lines": 0, "num_statements": 0, "percent_covered": 100.0, "percent_covered_display": "100.00", "missing_lines": 0, "excluded_lines": 10, "num_branches": 0, "num_partial_branches": 0, "covered_branches": 0, "missing_branches": 0}, "missing_lines": [], "excluded_lines": [172, 173, 174, 175, 176, 177, 178, 179, 180, 181], "executed_branches": [], "missing_branches": []}, "": {"executed_lines": [2, 8, 9, 10, 11, 13, 14, 15, 16, 17, 18, 19, 22, 23, 30, 43, 65, 104, 147, 170, 171], "summary": {"covered_lines": 17, "num_statements": 17, "percent_covered": 100.0, "percent_covered_display": "100.00", "missing_lines": 0, "excluded_lines": 2, "num_branches": 0, "num_partial_branches": 0, "covered_branches": 0, "missing_branches": 0}, "missing_lines": [], "excluded_lines": [170, 171], "executed_branches": [], "missing_branches": []}}, "classes": {"BaseCommand": {"executed_lines": [32, 35, 36, 37, 40, 41, 45, 50, 53, 54, 55, 57, 59, 63, 67, 69, 72, 73, 76, 78, 79, 80, 83, 85, 89, 92, 93, 94, 97, 100, 102, 106, 108, 124, 130, 132, 133, 138, 139, 141, 155, 156, 159, 160, 161, 164, 165], "summary": {"covered_lines": 47, "num_statements": 65, "percent_covered": 72.63157894736842, "percent_covered_display": "72.63", "missing_lines": 18, "excluded_lines": 10, "num_branches": 30, "num_partial_branches": 6, "covered_branches": 22, "missing_branches": 8}, "missing_lines": [46, 47, 60, 61, 109, 110, 117, 118, 119, 120, 121, 122, 143, 144, 145, 166, 167, 168], "excluded_lines": [172, 173, 174, 175, 176, 177, 178, 179, 180, 181], "executed_branches": [[45, 50], [53, 54], [53, 57], [59, 63], [67, 69], [67, 78], [73, 76], [79, 80], [79, 85], [85, 89], [85, 92], [92, 93], [92, 102], [93, 94], [94, 97], [108, 124], [132, 133], [132, 141], [155, 156], [155, 159], [160, 161], [160, 164]], "missing_branches": [[45, 46], [59, 60], [73, 92], [93, 102], [94, 100], [108, 109], [117, 118], [117, 124]]}, "": {"executed_lines": [2, 8, 9, 10, 11, 13, 14, 15, 16, 17, 18, 19, 22, 23, 30, 43, 65, 104, 147, 170, 171], "summary": {"covered_lines": 17, "num_statements": 17, "percent_covered": 100.0, "percent_covered_display": "100.00", "missing_lines": 0, "excluded_lines": 2, "num_branches": 0, "num_partial_branches": 0, "covered_branches": 0, "missing_branches": 0}, "missing_lines": [], "excluded_lines": [170, 171], "executed_branches": [], "missing_branches": []}}}, "tree_sitter_analyzer\\cli\\commands\\default_command.py": {"executed_lines": [2, 8, 9, 12, 13, 15, 17, 18], "summary": {"covered_lines": 6, "num_statements": 6, "percent_covered": 100.0, "percent_covered_display": "100.00", "missing_lines": 0, "excluded_lines": 0, "num_branches": 0, "num_partial_branches": 0, "covered_branches": 0, "missing_branches": 0}, "missing_lines": [], "excluded_lines": [], "executed_branches": [], "missing_branches": [], "functions": {"DefaultCommand.execute_async": {"executed_lines": [17, 18], "summary": {"covered_lines": 2, "num_statements": 2, "percent_covered": 100.0, "percent_covered_display": "100.00", "missing_lines": 0, "excluded_lines": 0, "num_branches": 0, "num_partial_branches": 0, "covered_branches": 0, "missing_branches": 0}, "missing_lines": [], "excluded_lines": [], "executed_branches": [], "missing_branches": []}, "": {"executed_lines": [2, 8, 9, 12, 13, 15], "summary": {"covered_lines": 4, "num_statements": 4, "percent_covered": 100.0, "percent_covered_display": "100.00", "missing_lines": 0, "excluded_lines": 0, "num_branches": 0, "num_partial_branches": 0, "covered_branches": 0, "missing_branches": 0}, "missing_lines": [], "excluded_lines": [], "executed_branches": [], "missing_branches": []}}, "classes": {"DefaultCommand": {"executed_lines": [17, 18], "summary": {"covered_lines": 2, "num_statements": 2, "percent_covered": 100.0, "percent_covered_display": "100.00", "missing_lines": 0, "excluded_lines": 0, "num_branches": 0, "num_partial_branches": 0, "covered_branches": 0, "missing_branches": 0}, "missing_lines": [], "excluded_lines": [], "executed_branches": [], "missing_branches": []}, "": {"executed_lines": [2, 8, 9, 12, 13, 15], "summary": {"covered_lines": 4, "num_statements": 4, "percent_covered": 100.0, "percent_covered_display": "100.00", "missing_lines": 0, "excluded_lines": 0, "num_branches": 0, "num_partial_branches": 0, "covered_branches": 0, "missing_branches": 0}, "missing_lines": [], "excluded_lines": [], "executed_branches": [], "missing_branches": []}}}, "tree_sitter_analyzer\\cli\\commands\\find_and_grep_cli.py": {"executed_lines": [2, 8, 10, 11, 12, 13, 15, 16, 17, 20, 21, 26, 27, 30, 36, 43, 44, 45, 46, 47, 48, 49, 50, 51, 52, 53, 54, 55, 56, 57, 60, 63, 64, 65, 66, 67, 68, 69, 70, 71, 72, 73, 74, 75, 76, 77, 78, 81, 86, 89, 90, 92, 93, 95, 101, 103, 105, 107, 109, 111, 113, 115, 117, 119, 121, 123, 125, 127, 129, 133, 134, 135, 137, 139, 141, 143, 145, 147, 149, 151, 153, 155, 157, 158, 159, 161, 163, 165, 168, 169, 170, 171, 177, 178, 179, 180, 181, 184, 187], "summary": {"covered_lines": 97, "num_statements": 132, "percent_covered": 65.81632653061224, "percent_covered_display": "65.82", "missing_lines": 35, "excluded_lines": 2, "num_branches": 64, "num_partial_branches": 32, "covered_branches": 32, "missing_branches": 32}, "missing_lines": [102, 104, 106, 108, 110, 112, 114, 116, 118, 120, 122, 124, 126, 128, 130, 136, 138, 140, 142, 144, 146, 148, 150, 152, 154, 156, 160, 162, 164, 166, 172, 173, 174, 182, 183], "excluded_lines": [187, 188], "executed_branches": [[101, 103], [103, 105], [105, 107], [107, 109], [109, 111], [111, 113], [113, 115], [115, 117], [117, 119], [119, 121], [121, 123], [123, 125], [125, 127], [127, 129], [129, 133], [133, 134], [135, 137], [137, 139], [139, 141], [141, 143], [143, 145], [145, 147], [147, 149], [149, 151], [151, 153], [153, 155], [155, 157], [157, 158], [159, 161], [161, 163], [163, 165], [165, 168]], "missing_branches": [[101, 102], [103, 104], [105, 106], [107, 108], [109, 110], [111, 112], [113, 114], [115, 116], [117, 118], [119, 120], [121, 122], [123, 124], [125, 126], [127, 128], [129, 130], [133, 135], [135, 136], [137, 138], [139, 140], [141, 142], [143, 144], [145, 146], [147, 148], [149, 150], [151, 152], [153, 154], [155, 156], [157, 159], [159, 160], [161, 162], [163, 164], [165, 166]], "functions": {"_build_parser": {"executed_lines": [21, 26, 27, 30, 36, 43, 44, 45, 46, 47, 48, 49, 50, 51, 52, 53, 54, 55, 56, 57, 60, 63, 64, 65, 66, 67, 68, 69, 70, 71, 72, 73, 74, 75, 76, 77, 78, 81, 86], "summary": {"covered_lines": 39, "num_statements": 39, "percent_covered": 100.0, "percent_covered_display": "100.00", "missing_lines": 0, "excluded_lines": 0, "num_branches": 0, "num_partial_branches": 0, "covered_branches": 0, "missing_branches": 0}, "missing_lines": [], "excluded_lines": [], "executed_branches": [], "missing_branches": []}, "_run": {"executed_lines": [90, 92, 93, 95, 101, 103, 105, 107, 109, 111, 113, 115, 117, 119, 121, 123, 125, 127, 129, 133, 134, 135, 137, 139, 141, 143, 145, 147, 149, 151, 153, 155, 157, 158, 159, 161, 163, 165, 168, 169, 170, 171], "summary": {"covered_lines": 42, "num_statements": 75, "percent_covered": 53.23741007194245, "percent_covered_display": "53.24", "missing_lines": 33, "excluded_lines": 0, "num_branches": 64, "num_partial_branches": 32, "covered_branches": 32, "missing_branches": 32}, "missing_lines": [102, 104, 106, 108, 110, 112, 114, 116, 118, 120, 122, 124, 126, 128, 130, 136, 138, 140, 142, 144, 146, 148, 150, 152, 154, 156, 160, 162, 164, 166, 172, 173, 174], "excluded_lines": [], "executed_branches": [[101, 103], [103, 105], [105, 107], [107, 109], [109, 111], [111, 113], [113, 115], [115, 117], [117, 119], [119, 121], [121, 123], [123, 125], [125, 127], [127, 129], [129, 133], [133, 134], [135, 137], [137, 139], [139, 141], [141, 143], [143, 145], [145, 147], [147, 149], [149, 151], [151, 153], [153, 155], [155, 157], [157, 158], [159, 161], [161, 163], [163, 165], [165, 168]], "missing_branches": [[101, 102], [103, 104], [105, 106], [107, 108], [109, 110], [111, 112], [113, 114], [115, 116], [117, 118], [119, 120], [121, 122], [123, 124], [125, 126], [127, 128], [129, 130], [133, 135], [135, 136], [137, 138], [139, 140], [141, 142], [143, 144], [145, 146], [147, 148], [149, 150], [151, 152], [153, 154], [155, 156], [157, 159], [159, 160], [161, 162], [163, 164], [165, 166]]}, "main": {"executed_lines": [178, 179, 180, 181, 184], "summary": {"covered_lines": 5, "num_statements": 7, "percent_covered": 71.42857142857143, "percent_covered_display": "71.43", "missing_lines": 2, "excluded_lines": 0, "num_branches": 0, "num_partial_branches": 0, "covered_branches": 0, "missing_branches": 0}, "missing_lines": [182, 183], "excluded_lines": [], "executed_branches": [], "missing_branches": []}, "": {"executed_lines": [2, 8, 10, 11, 12, 13, 15, 16, 17, 20, 89, 177, 187], "summary": {"covered_lines": 11, "num_statements": 11, "percent_covered": 100.0, "percent_covered_display": "100.00", "missing_lines": 0, "excluded_lines": 2, "num_branches": 0, "num_partial_branches": 0, "covered_branches": 0, "missing_branches": 0}, "missing_lines": [], "excluded_lines": [187, 188], "executed_branches": [], "missing_branches": []}}, "classes": {"": {"executed_lines": [2, 8, 10, 11, 12, 13, 15, 16, 17, 20, 21, 26, 27, 30, 36, 43, 44, 45, 46, 47, 48, 49, 50, 51, 52, 53, 54, 55, 56, 57, 60, 63, 64, 65, 66, 67, 68, 69, 70, 71, 72, 73, 74, 75, 76, 77, 78, 81, 86, 89, 90, 92, 93, 95, 101, 103, 105, 107, 109, 111, 113, 115, 117, 119, 121, 123, 125, 127, 129, 133, 134, 135, 137, 139, 141, 143, 145, 147, 149, 151, 153, 155, 157, 158, 159, 161, 163, 165, 168, 169, 170, 171, 177, 178, 179, 180, 181, 184, 187], "summary": {"covered_lines": 97, "num_statements": 132, "percent_covered": 65.81632653061224, "percent_covered_display": "65.82", "missing_lines": 35, "excluded_lines": 2, "num_branches": 64, "num_partial_branches": 32, "covered_branches": 32, "missing_branches": 32}, "missing_lines": [102, 104, 106, 108, 110, 112, 114, 116, 118, 120, 122, 124, 126, 128, 130, 136, 138, 140, 142, 144, 146, 148, 150, 152, 154, 156, 160, 162, 164, 166, 172, 173, 174, 182, 183], "excluded_lines": [187, 188], "executed_branches": [[101, 103], [103, 105], [105, 107], [107, 109], [109, 111], [111, 113], [113, 115], [115, 117], [117, 119], [119, 121], [121, 123], [123, 125], [125, 127], [127, 129], [129, 133], [133, 134], [135, 137], [137, 139], [139, 141], [141, 143], [143, 145], [145, 147], [147, 149], [149, 151], [151, 153], [153, 155], [155, 157], [157, 158], [159, 161], [161, 163], [163, 165], [165, 168]], "missing_branches": [[101, 102], [103, 104], [105, 106], [107, 108], [109, 110], [111, 112], [113, 114], [115, 116], [117, 118], [119, 120], [121, 122], [123, 124], [125, 126], [127, 128], [129, 130], [133, 135], [135, 136], [137, 138], [139, 140], [141, 142], [143, 144], [145, 146], [147, 148], [149, 150], [151, 152], [153, 154], [155, 156], [157, 159], [159, 160], [161, 162], [163, 164], [165, 166]]}}}, "tree_sitter_analyzer\\cli\\commands\\list_files_cli.py": {"executed_lines": [2, 8, 10, 11, 12, 13, 15, 16, 17, 20, 21, 26, 33, 39, 46, 47, 48, 49, 50, 51, 52, 53, 54, 55, 56, 57, 58, 59, 60, 63, 68, 71, 72, 74, 75, 77, 82, 84, 86, 88, 90, 92, 94, 96, 98, 100, 102, 104, 106, 108, 110, 113, 114, 115, 116, 122, 123, 124, 125, 126, 129, 132], "summary": {"covered_lines": 60, "num_statements": 80, "percent_covered": 68.18181818181819, "percent_covered_display": "68.18", "missing_lines": 20, "excluded_lines": 2, "num_branches": 30, "num_partial_branches": 15, "covered_branches": 15, "missing_branches": 15}, "missing_lines": [83, 85, 87, 89, 91, 93, 95, 97, 99, 101, 103, 105, 107, 109, 111, 117, 118, 119, 127, 128], "excluded_lines": [132, 133], "executed_branches": [[82, 84], [84, 86], [86, 88], [88, 90], [90, 92], [92, 94], [94, 96], [96, 98], [98, 100], [100, 102], [102, 104], [104, 106], [106, 108], [108, 110], [110, 113]], "missing_branches": [[82, 83], [84, 85], [86, 87], [88, 89], [90, 91], [92, 93], [94, 95], [96, 97], [98, 99], [100, 101], [102, 103], [104, 105], [106, 107], [108, 109], [110, 111]], "functions": {"_build_parser": {"executed_lines": [21, 26, 33, 39, 46, 47, 48, 49, 50, 51, 52, 53, 54, 55, 56, 57, 58, 59, 60, 63, 68], "summary": {"covered_lines": 21, "num_statements": 21, "percent_covered": 100.0, "percent_covered_display": "100.00", "missing_lines": 0, "excluded_lines": 0, "num_branches": 0, "num_partial_branches": 0, "covered_branches": 0, "missing_branches": 0}, "missing_lines": [], "excluded_lines": [], "executed_branches": [], "missing_branches": []}, "_run": {"executed_lines": [72, 74, 75, 77, 82, 84, 86, 88, 90, 92, 94, 96, 98, 100, 102, 104, 106, 108, 110, 113, 114, 115, 116], "summary": {"covered_lines": 23, "num_statements": 41, "percent_covered": 53.521126760563384, "percent_covered_display": "53.52", "missing_lines": 18, "excluded_lines": 0, "num_branches": 30, "num_partial_branches": 15, "covered_branches": 15, "missing_branches": 15}, "missing_lines": [83, 85, 87, 89, 91, 93, 95, 97, 99, 101, 103, 105, 107, 109, 111, 117, 118, 119], "excluded_lines": [], "executed_branches": [[82, 84], [84, 86], [86, 88], [88, 90], [90, 92], [92, 94], [94, 96], [96, 98], [98, 100], [100, 102], [102, 104], [104, 106], [106, 108], [108, 110], [110, 113]], "missing_branches": [[82, 83], [84, 85], [86, 87], [88, 89], [90, 91], [92, 93], [94, 95], [96, 97], [98, 99], [100, 101], [102, 103], [104, 105], [106, 107], [108, 109], [110, 111]]}, "main": {"executed_lines": [123, 124, 125, 126, 129], "summary": {"covered_lines": 5, "num_statements": 7, "percent_covered": 71.42857142857143, "percent_covered_display": "71.43", "missing_lines": 2, "excluded_lines": 0, "num_branches": 0, "num_partial_branches": 0, "covered_branches": 0, "missing_branches": 0}, "missing_lines": [127, 128], "excluded_lines": [], "executed_branches": [], "missing_branches": []}, "": {"executed_lines": [2, 8, 10, 11, 12, 13, 15, 16, 17, 20, 71, 122, 132], "summary": {"covered_lines": 11, "num_statements": 11, "percent_covered": 100.0, "percent_covered_display": "100.00", "missing_lines": 0, "excluded_lines": 2, "num_branches": 0, "num_partial_branches": 0, "covered_branches": 0, "missing_branches": 0}, "missing_lines": [], "excluded_lines": [132, 133], "executed_branches": [], "missing_branches": []}}, "classes": {"": {"executed_lines": [2, 8, 10, 11, 12, 13, 15, 16, 17, 20, 21, 26, 33, 39, 46, 47, 48, 49, 50, 51, 52, 53, 54, 55, 56, 57, 58, 59, 60, 63, 68, 71, 72, 74, 75, 77, 82, 84, 86, 88, 90, 92, 94, 96, 98, 100, 102, 104, 106, 108, 110, 113, 114, 115, 116, 122, 123, 124, 125, 126, 129, 132], "summary": {"covered_lines": 60, "num_statements": 80, "percent_covered": 68.18181818181819, "percent_covered_display": "68.18", "missing_lines": 20, "excluded_lines": 2, "num_branches": 30, "num_partial_branches": 15, "covered_branches": 15, "missing_branches": 15}, "missing_lines": [83, 85, 87, 89, 91, 93, 95, 97, 99, 101, 103, 105, 107, 109, 111, 117, 118, 119, 127, 128], "excluded_lines": [132, 133], "executed_branches": [[82, 84], [84, 86], [86, 88], [88, 90], [90, 92], [92, 94], [94, 96], [96, 98], [98, 100], [100, 102], [102, 104], [104, 106], [106, 108], [108, 110], [110, 113]], "missing_branches": [[82, 83], [84, 85], [86, 87], [88, 89], [90, 91], [92, 93], [94, 95], [96, 97], [98, 99], [100, 101], [102, 103], [104, 105], [106, 107], [108, 109], [110, 111]]}}}, "tree_sitter_analyzer\\cli\\commands\\partial_read_command.py": {"executed_lines": [2, 8, 10, 11, 12, 14, 18, 19, 21, 23, 26, 28, 29, 31, 32, 34, 36, 37, 39, 40, 42, 44, 52, 53, 56, 57, 59, 60, 62, 63, 65, 66, 68, 69, 71, 72, 75, 76, 84, 85, 87, 88, 91, 92, 100, 103, 116, 117, 118, 121, 123, 125, 128, 129, 130, 131, 132, 135, 137], "summary": {"covered_lines": 55, "num_statements": 60, "percent_covered": 93.58974358974359, "percent_covered_display": "93.59", "missing_lines": 5, "excluded_lines": 3, "num_branches": 18, "num_partial_branches": 0, "covered_branches": 18, "missing_branches": 0}, "missing_lines": [94, 95, 97, 98, 139], "excluded_lines": [8, 14, 15], "executed_branches": [[28, 29], [28, 34], [36, 37], [36, 42], [52, 53], [52, 56], [56, 57], [56, 62], [62, 63], [62, 68], [68, 69], [68, 75], [84, 85], [84, 91], [117, 118], [117, 121], [123, 125], [123, 128]], "missing_branches": [], "functions": {"PartialReadCommand.__init__": {"executed_lines": [23], "summary": {"covered_lines": 1, "num_statements": 1, "percent_covered": 100.0, "percent_covered_display": "100.00", "missing_lines": 0, "excluded_lines": 0, "num_branches": 0, "num_partial_branches": 0, "covered_branches": 0, "missing_branches": 0}, "missing_lines": [], "excluded_lines": [], "executed_branches": [], "missing_branches": []}, "PartialReadCommand.validate_file": {"executed_lines": [28, 29, 31, 32, 34, 36, 37, 39, 40, 42], "summary": {"covered_lines": 10, "num_statements": 10, "percent_covered": 100.0, "percent_covered_display": "100.00", "missing_lines": 0, "excluded_lines": 0, "num_branches": 4, "num_partial_branches": 0, "covered_branches": 4, "missing_branches": 0}, "missing_lines": [], "excluded_lines": [], "executed_branches": [[28, 29], [28, 34], [36, 37], [36, 42]], "missing_branches": []}, "PartialReadCommand.execute": {"executed_lines": [52, 53, 56, 57, 59, 60, 62, 63, 65, 66, 68, 69, 71, 72, 75, 76, 84, 85, 87, 88, 91, 92], "summary": {"covered_lines": 22, "num_statements": 26, "percent_covered": 88.88888888888889, "percent_covered_display": "88.89", "missing_lines": 4, "excluded_lines": 0, "num_branches": 10, "num_partial_branches": 0, "covered_branches": 10, "missing_branches": 0}, "missing_lines": [94, 95, 97, 98], "excluded_lines": [], "executed_branches": [[52, 53], [52, 56], [56, 57], [56, 62], [62, 63], [62, 68], [68, 69], [68, 75], [84, 85], [84, 91]], "missing_branches": []}, "PartialReadCommand._output_partial_content": {"executed_lines": [103, 116, 117, 118, 121, 123, 125, 128, 129, 130, 131, 132, 135], "summary": {"covered_lines": 13, "num_statements": 13, "percent_covered": 100.0, "percent_covered_display": "100.00", "missing_lines": 0, "excluded_lines": 0, "num_branches": 4, "num_partial_branches": 0, "covered_branches": 4, "missing_branches": 0}, "missing_lines": [], "excluded_lines": [], "executed_branches": [[117, 118], [117, 121], [123, 125], [123, 128]], "missing_branches": []}, "PartialReadCommand.execute_async": {"executed_lines": [], "summary": {"covered_lines": 0, "num_statements": 1, "percent_covered": 0.0, "percent_covered_display": "0.00", "missing_lines": 1, "excluded_lines": 0, "num_branches": 0, "num_partial_branches": 0, "covered_branches": 0, "missing_branches": 0}, "missing_lines": [139], "excluded_lines": [], "executed_branches": [], "missing_branches": []}, "": {"executed_lines": [2, 8, 10, 11, 12, 14, 18, 19, 21, 26, 44, 100, 137], "summary": {"covered_lines": 9, "num_statements": 9, "percent_covered": 100.0, "percent_covered_display": "100.00", "missing_lines": 0, "excluded_lines": 3, "num_branches": 0, "num_partial_branches": 0, "covered_branches": 0, "missing_branches": 0}, "missing_lines": [], "excluded_lines": [8, 14, 15], "executed_branches": [], "missing_branches": []}}, "classes": {"PartialReadCommand": {"executed_lines": [23, 28, 29, 31, 32, 34, 36, 37, 39, 40, 42, 52, 53, 56, 57, 59, 60, 62, 63, 65, 66, 68, 69, 71, 72, 75, 76, 84, 85, 87, 88, 91, 92, 103, 116, 117, 118, 121, 123, 125, 128, 129, 130, 131, 132, 135], "summary": {"covered_lines": 46, "num_statements": 51, "percent_covered": 92.7536231884058, "percent_covered_display": "92.75", "missing_lines": 5, "excluded_lines": 0, "num_branches": 18, "num_partial_branches": 0, "covered_branches": 18, "missing_branches": 0}, "missing_lines": [94, 95, 97, 98, 139], "excluded_lines": [], "executed_branches": [[28, 29], [28, 34], [36, 37], [36, 42], [52, 53], [52, 56], [56, 57], [56, 62], [62, 63], [62, 68], [68, 69], [68, 75], [84, 85], [84, 91], [117, 118], [117, 121], [123, 125], [123, 128]], "missing_branches": []}, "": {"executed_lines": [2, 8, 10, 11, 12, 14, 18, 19, 21, 26, 44, 100, 137], "summary": {"covered_lines": 9, "num_statements": 9, "percent_covered": 100.0, "percent_covered_display": "100.00", "missing_lines": 0, "excluded_lines": 3, "num_branches": 0, "num_partial_branches": 0, "covered_branches": 0, "missing_branches": 0}, "missing_lines": [], "excluded_lines": [8, 14, 15], "executed_branches": [], "missing_branches": []}}}, "tree_sitter_analyzer\\cli\\commands\\query_command.py": {"executed_lines": [2, 8, 9, 10, 13, 14, 16, 18, 19, 21, 25, 27, 29, 31, 39, 46, 48, 49, 50, 52, 54, 56, 58, 62, 63, 64, 67, 69, 70, 71, 73, 76, 77, 78, 79, 80, 82, 87, 88, 89, 92, 93, 94, 96, 97, 100, 103, 105, 107], "summary": {"covered_lines": 47, "num_statements": 49, "percent_covered": 94.20289855072464, "percent_covered_display": "94.20", "missing_lines": 2, "excluded_lines": 0, "num_branches": 20, "num_partial_branches": 2, "covered_branches": 18, "missing_branches": 2}, "missing_lines": [83, 84], "excluded_lines": [], "executed_branches": [[29, 31], [29, 39], [56, 58], [56, 71], [63, 64], [63, 69], [71, 73], [76, 77], [76, 79], [82, 87], [88, 89], [88, 92], [92, 93], [92, 105], [93, 94], [93, 96], [96, 97], [96, 107]], "missing_branches": [[71, 82], [82, 83]], "functions": {"QueryCommand.__init__": {"executed_lines": [18, 19], "summary": {"covered_lines": 2, "num_statements": 2, "percent_covered": 100.0, "percent_covered_display": "100.00", "missing_lines": 0, "excluded_lines": 0, "num_branches": 0, "num_partial_branches": 0, "covered_branches": 0, "missing_branches": 0}, "missing_lines": [], "excluded_lines": [], "executed_branches": [], "missing_branches": []}, "QueryCommand.execute_query": {"executed_lines": [25, 27, 29, 31, 39, 46, 48, 49, 50], "summary": {"covered_lines": 9, "num_statements": 9, "percent_covered": 100.0, "percent_covered_display": "100.00", "missing_lines": 0, "excluded_lines": 0, "num_branches": 2, "num_partial_branches": 0, "covered_branches": 2, "missing_branches": 0}, "missing_lines": [], "excluded_lines": [], "executed_branches": [[29, 31], [29, 39]], "missing_branches": []}, "QueryCommand.execute_async": {"executed_lines": [54, 56, 58, 62, 63, 64, 67, 69, 70, 71, 73, 76, 77, 78, 79, 80, 82, 87, 88, 89, 92, 93, 94, 96, 97, 100, 103, 105, 107], "summary": {"covered_lines": 29, "num_statements": 31, "percent_covered": 91.83673469387755, "percent_covered_display": "91.84", "missing_lines": 2, "excluded_lines": 0, "num_branches": 18, "num_partial_branches": 2, "covered_branches": 16, "missing_branches": 2}, "missing_lines": [83, 84], "excluded_lines": [], "executed_branches": [[56, 58], [56, 71], [63, 64], [63, 69], [71, 73], [76, 77], [76, 79], [82, 87], [88, 89], [88, 92], [92, 93], [92, 105], [93, 94], [93, 96], [96, 97], [96, 107]], "missing_branches": [[71, 82], [82, 83]]}, "": {"executed_lines": [2, 8, 9, 10, 13, 14, 16, 21, 52], "summary": {"covered_lines": 7, "num_statements": 7, "percent_covered": 100.0, "percent_covered_display": "100.00", "missing_lines": 0, "excluded_lines": 0, "num_branches": 0, "num_partial_branches": 0, "covered_branches": 0, "missing_branches": 0}, "missing_lines": [], "excluded_lines": [], "executed_branches": [], "missing_branches": []}}, "classes": {"QueryCommand": {"executed_lines": [18, 19, 25, 27, 29, 31, 39, 46, 48, 49, 50, 54, 56, 58, 62, 63, 64, 67, 69, 70, 71, 73, 76, 77, 78, 79, 80, 82, 87, 88, 89, 92, 93, 94, 96, 97, 100, 103, 105, 107], "summary": {"covered_lines": 40, "num_statements": 42, "percent_covered": 93.54838709677419, "percent_covered_display": "93.55", "missing_lines": 2, "excluded_lines": 0, "num_branches": 20, "num_partial_branches": 2, "covered_branches": 18, "missing_branches": 2}, "missing_lines": [83, 84], "excluded_lines": [], "executed_branches": [[29, 31], [29, 39], [56, 58], [56, 71], [63, 64], [63, 69], [71, 73], [76, 77], [76, 79], [82, 87], [88, 89], [88, 92], [92, 93], [92, 105], [93, 94], [93, 96], [96, 97], [96, 107]], "missing_branches": [[71, 82], [82, 83]]}, "": {"executed_lines": [2, 8, 9, 10, 13, 14, 16, 21, 52], "summary": {"covered_lines": 7, "num_statements": 7, "percent_covered": 100.0, "percent_covered_display": "100.00", "missing_lines": 0, "excluded_lines": 0, "num_branches": 0, "num_partial_branches": 0, "covered_branches": 0, "missing_branches": 0}, "missing_lines": [], "excluded_lines": [], "executed_branches": [], "missing_branches": []}}}, "tree_sitter_analyzer\\cli\\commands\\search_content_cli.py": {"executed_lines": [2, 8, 10, 11, 12, 13, 15, 16, 17, 20, 21, 25, 26, 31, 37, 40, 46, 53, 56, 57, 58, 59, 60, 61, 62, 63, 64, 65, 66, 67, 68, 69, 70, 71, 72, 73, 74, 77, 82, 85, 86, 88, 89, 91, 94, 95, 96, 100, 101, 102, 104, 106, 108, 110, 112, 114, 116, 118, 120, 122, 124, 126, 128, 130, 132, 134, 136, 138, 139, 141, 142, 143, 144, 150, 151, 152, 153, 154, 157, 160], "summary": {"covered_lines": 78, "num_statements": 102, "percent_covered": 68.4931506849315, "percent_covered_display": "68.49", "missing_lines": 24, "excluded_lines": 2, "num_branches": 44, "num_partial_branches": 22, "covered_branches": 22, "missing_branches": 22}, "missing_lines": [97, 103, 105, 107, 109, 111, 113, 115, 117, 119, 121, 123, 125, 127, 129, 131, 133, 135, 137, 145, 146, 147, 155, 156], "excluded_lines": [160, 161], "executed_branches": [[94, 95], [96, 100], [100, 101], [102, 104], [104, 106], [106, 108], [108, 110], [110, 112], [112, 114], [114, 116], [116, 118], [118, 120], [120, 122], [122, 124], [124, 126], [126, 128], [128, 130], [130, 132], [132, 134], [134, 136], [136, 138], [138, 139]], "missing_branches": [[94, 96], [96, 97], [100, 102], [102, 103], [104, 105], [106, 107], [108, 109], [110, 111], [112, 113], [114, 115], [116, 117], [118, 119], [120, 121], [122, 123], [124, 125], [126, 127], [128, 129], [130, 131], [132, 133], [134, 135], [136, 137], [138, 141]], "functions": {"_build_parser": {"executed_lines": [21, 25, 26, 31, 37, 40, 46, 53, 56, 57, 58, 59, 60, 61, 62, 63, 64, 65, 66, 67, 68, 69, 70, 71, 72, 73, 74, 77, 82], "summary": {"covered_lines": 29, "num_statements": 29, "percent_covered": 100.0, "percent_covered_display": "100.00", "missing_lines": 0, "excluded_lines": 0, "num_branches": 0, "num_partial_branches": 0, "covered_branches": 0, "missing_branches": 0}, "missing_lines": [], "excluded_lines": [], "executed_branches": [], "missing_branches": []}, "_run": {"executed_lines": [86, 88, 89, 91, 94, 95, 96, 100, 101, 102, 104, 106, 108, 110, 112, 114, 116, 118, 120, 122, 124, 126, 128, 130, 132, 134, 136, 138, 139, 141, 142, 143, 144], "summary": {"covered_lines": 33, "num_statements": 55, "percent_covered": 55.55555555555556, "percent_covered_display": "55.56", "missing_lines": 22, "excluded_lines": 0, "num_branches": 44, "num_partial_branches": 22, "covered_branches": 22, "missing_branches": 22}, "missing_lines": [97, 103, 105, 107, 109, 111, 113, 115, 117, 119, 121, 123, 125, 127, 129, 131, 133, 135, 137, 145, 146, 147], "excluded_lines": [], "executed_branches": [[94, 95], [96, 100], [100, 101], [102, 104], [104, 106], [106, 108], [108, 110], [110, 112], [112, 114], [114, 116], [116, 118], [118, 120], [120, 122], [122, 124], [124, 126], [126, 128], [128, 130], [130, 132], [132, 134], [134, 136], [136, 138], [138, 139]], "missing_branches": [[94, 96], [96, 97], [100, 102], [102, 103], [104, 105], [106, 107], [108, 109], [110, 111], [112, 113], [114, 115], [116, 117], [118, 119], [120, 121], [122, 123], [124, 125], [126, 127], [128, 129], [130, 131], [132, 133], [134, 135], [136, 137], [138, 141]]}, "main": {"executed_lines": [151, 152, 153, 154, 157], "summary": {"covered_lines": 5, "num_statements": 7, "percent_covered": 71.42857142857143, "percent_covered_display": "71.43", "missing_lines": 2, "excluded_lines": 0, "num_branches": 0, "num_partial_branches": 0, "covered_branches": 0, "missing_branches": 0}, "missing_lines": [155, 156], "excluded_lines": [], "executed_branches": [], "missing_branches": []}, "": {"executed_lines": [2, 8, 10, 11, 12, 13, 15, 16, 17, 20, 85, 150, 160], "summary": {"covered_lines": 11, "num_statements": 11, "percent_covered": 100.0, "percent_covered_display": "100.00", "missing_lines": 0, "excluded_lines": 2, "num_branches": 0, "num_partial_branches": 0, "covered_branches": 0, "missing_branches": 0}, "missing_lines": [], "excluded_lines": [160, 161], "executed_branches": [], "missing_branches": []}}, "classes": {"": {"executed_lines": [2, 8, 10, 11, 12, 13, 15, 16, 17, 20, 21, 25, 26, 31, 37, 40, 46, 53, 56, 57, 58, 59, 60, 61, 62, 63, 64, 65, 66, 67, 68, 69, 70, 71, 72, 73, 74, 77, 82, 85, 86, 88, 89, 91, 94, 95, 96, 100, 101, 102, 104, 106, 108, 110, 112, 114, 116, 118, 120, 122, 124, 126, 128, 130, 132, 134, 136, 138, 139, 141, 142, 143, 144, 150, 151, 152, 153, 154, 157, 160], "summary": {"covered_lines": 78, "num_statements": 102, "percent_covered": 68.4931506849315, "percent_covered_display": "68.49", "missing_lines": 24, "excluded_lines": 2, "num_branches": 44, "num_partial_branches": 22, "covered_branches": 22, "missing_branches": 22}, "missing_lines": [97, 103, 105, 107, 109, 111, 113, 115, 117, 119, 121, 123, 125, 127, 129, 131, 133, 135, 137, 145, 146, 147, 155, 156], "excluded_lines": [160, 161], "executed_branches": [[94, 95], [96, 100], [100, 101], [102, 104], [104, 106], [106, 108], [108, 110], [110, 112], [112, 114], [114, 116], [116, 118], [118, 120], [120, 122], [122, 124], [124, 126], [126, 128], [128, 130], [130, 132], [132, 134], [134, 136], [136, 138], [138, 139]], "missing_branches": [[94, 96], [96, 97], [100, 102], [102, 103], [104, 105], [106, 107], [108, 109], [110, 111], [112, 113], [114, 115], [116, 117], [118, 119], [120, 121], [122, 123], [124, 125], [126, 127], [128, 129], [130, 131], [132, 133], [134, 135], [136, 137], [138, 141]]}}}, "tree_sitter_analyzer\\cli\\commands\\structure_command.py": {"executed_lines": [2, 8, 10, 18, 19, 21, 25, 26, 28, 29, 30, 31, 33, 34, 36, 38, 41, 43, 44, 46, 48, 50, 53, 58, 63, 68, 73, 79, 127, 129, 130, 132, 133, 135, 136, 137, 138, 139, 140, 141, 143, 144, 145, 146, 148, 149, 150, 151, 153, 154, 155, 156], "summary": {"covered_lines": 48, "num_statements": 48, "percent_covered": 93.93939393939394, "percent_covered_display": "93.94", "missing_lines": 0, "excluded_lines": 3, "num_branches": 18, "num_partial_branches": 4, "covered_branches": 14, "missing_branches": 4}, "missing_lines": [], "excluded_lines": [8, 21, 22], "executed_branches": [[30, 31], [30, 33], [43, 44], [43, 46], [132, 133], [143, 144], [145, 146], [145, 148], [148, 149], [150, 151], [150, 153], [153, 154], [155, -127], [155, 156]], "missing_branches": [[132, 135], [143, 148], [148, 153], [153, -127]], "functions": {"StructureCommand.execute_async": {"executed_lines": [29, 30, 31, 33, 34], "summary": {"covered_lines": 5, "num_statements": 5, "percent_covered": 100.0, "percent_covered_display": "100.00", "missing_lines": 0, "excluded_lines": 0, "num_branches": 2, "num_partial_branches": 0, "covered_branches": 2, "missing_branches": 0}, "missing_lines": [], "excluded_lines": [], "executed_branches": [[30, 31], [30, 33]], "missing_branches": []}, "StructureCommand._output_structure_analysis": {"executed_lines": [38, 41, 43, 44, 46], "summary": {"covered_lines": 5, "num_statements": 5, "percent_covered": 100.0, "percent_covered_display": "100.00", "missing_lines": 0, "excluded_lines": 0, "num_branches": 2, "num_partial_branches": 0, "covered_branches": 2, "missing_branches": 0}, "missing_lines": [], "excluded_lines": [], "executed_branches": [[43, 44], [43, 46]], "missing_branches": []}, "StructureCommand._convert_to_legacy_format": {"executed_lines": [50, 53, 58, 63, 68, 73, 79], "summary": {"covered_lines": 7, "num_statements": 7, "percent_covered": 100.0, "percent_covered_display": "100.00", "missing_lines": 0, "excluded_lines": 0, "num_branches": 0, "num_partial_branches": 0, "covered_branches": 0, "missing_branches": 0}, "missing_lines": [], "excluded_lines": [], "executed_branches": [], "missing_branches": []}, "StructureCommand._output_text_format": {"executed_lines": [129, 130, 132, 133, 135, 136, 137, 138, 139, 140, 141, 143, 144, 145, 146, 148, 149, 150, 151, 153, 154, 155, 156], "summary": {"covered_lines": 23, "num_statements": 23, "percent_covered": 89.1891891891892, "percent_covered_display": "89.19", "missing_lines": 0, "excluded_lines": 0, "num_branches": 14, "num_partial_branches": 4, "covered_branches": 10, "missing_branches": 4}, "missing_lines": [], "excluded_lines": [], "executed_branches": [[132, 133], [143, 144], [145, 146], [145, 148], [148, 149], [150, 151], [150, 153], [153, 154], [155, -127], [155, 156]], "missing_branches": [[132, 135], [143, 148], [148, 153], [153, -127]]}, "": {"executed_lines": [2, 8, 10, 18, 19, 21, 25, 26, 28, 36, 48, 127], "summary": {"covered_lines": 8, "num_statements": 8, "percent_covered": 100.0, "percent_covered_display": "100.00", "missing_lines": 0, "excluded_lines": 3, "num_branches": 0, "num_partial_branches": 0, "covered_branches": 0, "missing_branches": 0}, "missing_lines": [], "excluded_lines": [8, 21, 22], "executed_branches": [], "missing_branches": []}}, "classes": {"StructureCommand": {"executed_lines": [29, 30, 31, 33, 34, 38, 41, 43, 44, 46, 50, 53, 58, 63, 68, 73, 79, 129, 130, 132, 133, 135, 136, 137, 138, 139, 140, 141, 143, 144, 145, 146, 148, 149, 150, 151, 153, 154, 155, 156], "summary": {"covered_lines": 40, "num_statements": 40, "percent_covered": 93.10344827586206, "percent_covered_display": "93.10", "missing_lines": 0, "excluded_lines": 0, "num_branches": 18, "num_partial_branches": 4, "covered_branches": 14, "missing_branches": 4}, "missing_lines": [], "excluded_lines": [], "executed_branches": [[30, 31], [30, 33], [43, 44], [43, 46], [132, 133], [143, 144], [145, 146], [145, 148], [148, 149], [150, 151], [150, 153], [153, 154], [155, -127], [155, 156]], "missing_branches": [[132, 135], [143, 148], [148, 153], [153, -127]]}, "": {"executed_lines": [2, 8, 10, 18, 19, 21, 25, 26, 28, 36, 48, 127], "summary": {"covered_lines": 8, "num_statements": 8, "percent_covered": 100.0, "percent_covered_display": "100.00", "missing_lines": 0, "excluded_lines": 3, "num_branches": 0, "num_partial_branches": 0, "covered_branches": 0, "missing_branches": 0}, "missing_lines": [], "excluded_lines": [8, 21, 22], "executed_branches": [], "missing_branches": []}}}, "tree_sitter_analyzer\\cli\\commands\\summary_command.py": {"executed_lines": [2, 8, 10, 17, 18, 20, 24, 25, 27, 28, 29, 30, 32, 33, 35, 37, 40, 41, 42, 47, 52, 57, 62, 68, 74, 75, 79, 80, 84, 85, 89, 94, 95, 99], "summary": {"covered_lines": 30, "num_statements": 43, "percent_covered": 61.904761904761905, "percent_covered_display": "61.90", "missing_lines": 13, "excluded_lines": 3, "num_branches": 20, "num_partial_branches": 5, "covered_branches": 9, "missing_branches": 11}, "missing_lines": [44, 90, 97, 101, 102, 104, 105, 106, 107, 113, 114, 115, 116], "excluded_lines": [8, 20, 21], "executed_branches": [[29, 30], [29, 32], [41, 42], [74, 75], [79, 80], [84, 85], [84, 89], [89, 94], [94, 95]], "missing_branches": [[41, 44], [74, 79], [79, 84], [89, 90], [94, 97], [104, -99], [104, 105], [105, 104], [105, 106], [115, 104], [115, 116]], "functions": {"SummaryCommand.execute_async": {"executed_lines": [28, 29, 30, 32, 33], "summary": {"covered_lines": 5, "num_statements": 5, "percent_covered": 100.0, "percent_covered_display": "100.00", "missing_lines": 0, "excluded_lines": 0, "num_branches": 2, "num_partial_branches": 0, "covered_branches": 2, "missing_branches": 0}, "missing_lines": [], "excluded_lines": [], "executed_branches": [[29, 30], [29, 32]], "missing_branches": []}, "SummaryCommand._output_summary_analysis": {"executed_lines": [37, 40, 41, 42, 47, 52, 57, 62, 68, 74, 75, 79, 80, 84, 85, 89, 94, 95], "summary": {"covered_lines": 18, "num_statements": 21, "percent_covered": 75.75757575757575, "percent_covered_display": "75.76", "missing_lines": 3, "excluded_lines": 0, "num_branches": 12, "num_partial_branches": 5, "covered_branches": 7, "missing_branches": 5}, "missing_lines": [44, 90, 97], "excluded_lines": [], "executed_branches": [[41, 42], [74, 75], [79, 80], [84, 85], [84, 89], [89, 94], [94, 95]], "missing_branches": [[41, 44], [74, 79], [79, 84], [89, 90], [94, 97]]}, "SummaryCommand._output_text_format": {"executed_lines": [], "summary": {"covered_lines": 0, "num_statements": 10, "percent_covered": 0.0, "percent_covered_display": "0.00", "missing_lines": 10, "excluded_lines": 0, "num_branches": 6, "num_partial_branches": 0, "covered_branches": 0, "missing_branches": 6}, "missing_lines": [101, 102, 104, 105, 106, 107, 113, 114, 115, 116], "excluded_lines": [], "executed_branches": [], "missing_branches": [[104, -99], [104, 105], [105, 104], [105, 106], [115, 104], [115, 116]]}, "": {"executed_lines": [2, 8, 10, 17, 18, 20, 24, 25, 27, 35, 99], "summary": {"covered_lines": 7, "num_statements": 7, "percent_covered": 100.0, "percent_covered_display": "100.00", "missing_lines": 0, "excluded_lines": 3, "num_branches": 0, "num_partial_branches": 0, "covered_branches": 0, "missing_branches": 0}, "missing_lines": [], "excluded_lines": [8, 20, 21], "executed_branches": [], "missing_branches": []}}, "classes": {"SummaryCommand": {"executed_lines": [28, 29, 30, 32, 33, 37, 40, 41, 42, 47, 52, 57, 62, 68, 74, 75, 79, 80, 84, 85, 89, 94, 95], "summary": {"covered_lines": 23, "num_statements": 36, "percent_covered": 57.142857142857146, "percent_covered_display": "57.14", "missing_lines": 13, "excluded_lines": 0, "num_branches": 20, "num_partial_branches": 5, "covered_branches": 9, "missing_branches": 11}, "missing_lines": [44, 90, 97, 101, 102, 104, 105, 106, 107, 113, 114, 115, 116], "excluded_lines": [], "executed_branches": [[29, 30], [29, 32], [41, 42], [74, 75], [79, 80], [84, 85], [84, 89], [89, 94], [94, 95]], "missing_branches": [[41, 44], [74, 79], [79, 84], [89, 90], [94, 97], [104, -99], [104, 105], [105, 104], [105, 106], [115, 104], [115, 116]]}, "": {"executed_lines": [2, 8, 10, 17, 18, 20, 24, 25, 27, 35, 99], "summary": {"covered_lines": 7, "num_statements": 7, "percent_covered": 100.0, "percent_covered_display": "100.00", "missing_lines": 0, "excluded_lines": 3, "num_branches": 0, "num_partial_branches": 0, "covered_branches": 0, "missing_branches": 0}, "missing_lines": [], "excluded_lines": [8, 20, 21], "executed_branches": [], "missing_branches": []}}}, "tree_sitter_analyzer\\cli\\commands\\table_command.py": {"executed_lines": [2, 8, 9, 11, 19, 20, 21, 24, 25, 27, 29, 31, 32, 33, 36, 41, 42, 45, 48, 50, 56, 60, 61, 62, 63, 64, 67, 68, 69, 70, 72, 73, 74, 75, 76, 77, 78, 79, 80, 81, 87, 104, 106, 107, 109, 119, 122, 123, 126, 129, 130, 132, 147, 150, 153, 158, 161, 162, 164, 176, 178, 183, 185, 191, 192, 193, 194, 195, 196, 207, 208, 209, 210, 211, 212, 223, 227, 229, 230, 231, 232, 233, 234, 236, 238, 240, 241, 243], "summary": {"covered_lines": 86, "num_statements": 110, "percent_covered": 74.66666666666667, "percent_covered_display": "74.67", "missing_lines": 24, "excluded_lines": 0, "num_branches": 40, "num_partial_branches": 8, "covered_branches": 26, "missing_branches": 14}, "missing_lines": [52, 53, 54, 83, 84, 85, 151, 186, 187, 188, 189, 190, 198, 199, 200, 201, 202, 204, 216, 218, 219, 220, 222, 225], "excluded_lines": [], "executed_branches": [[32, 33], [32, 36], [67, 68], [67, 87], [72, 73], [72, 74], [74, 75], [74, 76], [76, 77], [76, 78], [78, 79], [78, 80], [80, 81], [150, 153], [185, 191], [191, 192], [193, 194], [193, 223], [194, 195], [196, 207], [208, 209], [211, 212], [230, 231], [230, 232], [232, 233], [232, 234]], "missing_branches": [[80, 67], [150, 151], [185, 186], [187, 188], [187, 190], [191, 225], [194, 219], [196, 198], [198, 199], [198, 204], [208, 218], [211, 216], [219, 220], [219, 222]], "functions": {"TableCommand.execute_async": {"executed_lines": [29, 31, 32, 33, 36, 41, 42, 45, 48, 50], "summary": {"covered_lines": 10, "num_statements": 13, "percent_covered": 80.0, "percent_covered_display": "80.00", "missing_lines": 3, "excluded_lines": 0, "num_branches": 2, "num_partial_branches": 0, "covered_branches": 2, "missing_branches": 0}, "missing_lines": [52, 53, 54], "excluded_lines": [], "executed_branches": [[32, 33], [32, 36]], "missing_branches": []}, "TableCommand._convert_to_structure_format": {"executed_lines": [60, 61, 62, 63, 64, 67, 68, 69, 70, 72, 73, 74, 75, 76, 77, 78, 79, 80, 81, 87], "summary": {"covered_lines": 20, "num_statements": 23, "percent_covered": 88.57142857142857, "percent_covered_display": "88.57", "missing_lines": 3, "excluded_lines": 0, "num_branches": 12, "num_partial_branches": 1, "covered_branches": 11, "missing_branches": 1}, "missing_lines": [83, 84, 85], "excluded_lines": [], "executed_branches": [[67, 68], [67, 87], [72, 73], [72, 74], [74, 75], [74, 76], [76, 77], [76, 78], [78, 79], [78, 80], [80, 81]], "missing_branches": [[80, 67]]}, "TableCommand._convert_class_element": {"executed_lines": [106, 107, 109], "summary": {"covered_lines": 3, "num_statements": 3, "percent_covered": 100.0, "percent_covered_display": "100.00", "missing_lines": 0, "excluded_lines": 0, "num_branches": 0, "num_partial_branches": 0, "covered_branches": 0, "missing_branches": 0}, "missing_lines": [], "excluded_lines": [], "executed_branches": [], "missing_branches": []}, "TableCommand._convert_function_element": {"executed_lines": [122, 123, 126, 129, 130, 132], "summary": {"covered_lines": 6, "num_statements": 6, "percent_covered": 100.0, "percent_covered_display": "100.00", "missing_lines": 0, "excluded_lines": 0, "num_branches": 0, "num_partial_branches": 0, "covered_branches": 0, "missing_branches": 0}, "missing_lines": [], "excluded_lines": [], "executed_branches": [], "missing_branches": []}, "TableCommand._convert_variable_element": {"executed_lines": [150, 153, 158, 161, 162, 164], "summary": {"covered_lines": 6, "num_statements": 7, "percent_covered": 77.77777777777777, "percent_covered_display": "77.78", "missing_lines": 1, "excluded_lines": 0, "num_branches": 2, "num_partial_branches": 1, "covered_branches": 1, "missing_branches": 1}, "missing_lines": [151], "excluded_lines": [], "executed_branches": [[150, 153]], "missing_branches": [[150, 151]]}, "TableCommand._convert_import_element": {"executed_lines": [178], "summary": {"covered_lines": 1, "num_statements": 1, "percent_covered": 100.0, "percent_covered_display": "100.00", "missing_lines": 0, "excluded_lines": 0, "num_branches": 0, "num_partial_branches": 0, "covered_branches": 0, "missing_branches": 0}, "missing_lines": [], "excluded_lines": [], "executed_branches": [], "missing_branches": []}, "TableCommand._process_parameters": {"executed_lines": [185, 191, 192, 193, 194, 195, 196, 207, 208, 209, 210, 211, 212, 223], "summary": {"covered_lines": 14, "num_statements": 31, "percent_covered": 43.13725490196079, "percent_covered_display": "43.14", "missing_lines": 17, "excluded_lines": 0, "num_branches": 20, "num_partial_branches": 6, "covered_branches": 8, "missing_branches": 12}, "missing_lines": [186, 187, 188, 189, 190, 198, 199, 200, 201, 202, 204, 216, 218, 219, 220, 222, 225], "excluded_lines": [], "executed_branches": [[185, 191], [191, 192], [193, 194], [193, 223], [194, 195], [196, 207], [208, 209], [211, 212]], "missing_branches": [[185, 186], [187, 188], [187, 190], [191, 225], [194, 219], [196, 198], [198, 199], [198, 204], [208, 218], [211, 216], [219, 220], [219, 222]]}, "TableCommand._get_element_visibility": {"executed_lines": [229, 230, 231, 232, 233, 234], "summary": {"covered_lines": 6, "num_statements": 6, "percent_covered": 100.0, "percent_covered_display": "100.00", "missing_lines": 0, "excluded_lines": 0, "num_branches": 4, "num_partial_branches": 0, "covered_branches": 4, "missing_branches": 0}, "missing_lines": [], "excluded_lines": [], "executed_branches": [[230, 231], [230, 232], [232, 233], [232, 234]], "missing_branches": []}, "TableCommand._output_table": {"executed_lines": [238, 240, 241, 243], "summary": {"covered_lines": 4, "num_statements": 4, "percent_covered": 100.0, "percent_covered_display": "100.00", "missing_lines": 0, "excluded_lines": 0, "num_branches": 0, "num_partial_branches": 0, "covered_branches": 0, "missing_branches": 0}, "missing_lines": [], "excluded_lines": [], "executed_branches": [], "missing_branches": []}, "": {"executed_lines": [2, 8, 9, 11, 19, 20, 21, 24, 25, 27, 56, 104, 119, 147, 176, 183, 227, 236], "summary": {"covered_lines": 16, "num_statements": 16, "percent_covered": 100.0, "percent_covered_display": "100.00", "missing_lines": 0, "excluded_lines": 0, "num_branches": 0, "num_partial_branches": 0, "covered_branches": 0, "missing_branches": 0}, "missing_lines": [], "excluded_lines": [], "executed_branches": [], "missing_branches": []}}, "classes": {"TableCommand": {"executed_lines": [29, 31, 32, 33, 36, 41, 42, 45, 48, 50, 60, 61, 62, 63, 64, 67, 68, 69, 70, 72, 73, 74, 75, 76, 77, 78, 79, 80, 81, 87, 106, 107, 109, 122, 123, 126, 129, 130, 132, 150, 153, 158, 161, 162, 164, 178, 185, 191, 192, 193, 194, 195, 196, 207, 208, 209, 210, 211, 212, 223, 229, 230, 231, 232, 233, 234, 238, 240, 241, 243], "summary": {"covered_lines": 70, "num_statements": 94, "percent_covered": 71.64179104477611, "percent_covered_display": "71.64", "missing_lines": 24, "excluded_lines": 0, "num_branches": 40, "num_partial_branches": 8, "covered_branches": 26, "missing_branches": 14}, "missing_lines": [52, 53, 54, 83, 84, 85, 151, 186, 187, 188, 189, 190, 198, 199, 200, 201, 202, 204, 216, 218, 219, 220, 222, 225], "excluded_lines": [], "executed_branches": [[32, 33], [32, 36], [67, 68], [67, 87], [72, 73], [72, 74], [74, 75], [74, 76], [76, 77], [76, 78], [78, 79], [78, 80], [80, 81], [150, 153], [185, 191], [191, 192], [193, 194], [193, 223], [194, 195], [196, 207], [208, 209], [211, 212], [230, 231], [230, 232], [232, 233], [232, 234]], "missing_branches": [[80, 67], [150, 151], [185, 186], [187, 188], [187, 190], [191, 225], [194, 219], [196, 198], [198, 199], [198, 204], [208, 218], [211, 216], [219, 220], [219, 222]]}, "": {"executed_lines": [2, 8, 9, 11, 19, 20, 21, 24, 25, 27, 56, 104, 119, 147, 176, 183, 227, 236], "summary": {"covered_lines": 16, "num_statements": 16, "percent_covered": 100.0, "percent_covered_display": "100.00", "missing_lines": 0, "excluded_lines": 0, "num_branches": 0, "num_partial_branches": 0, "covered_branches": 0, "missing_branches": 0}, "missing_lines": [], "excluded_lines": [], "executed_branches": [], "missing_branches": []}}}, "tree_sitter_analyzer\\cli\\info_commands.py": {"executed_lines": [2, 8, 9, 11, 12, 13, 16, 17, 19, 20, 22, 23, 28, 29, 31, 32, 33, 34, 35, 37, 38, 39, 40, 41, 42, 46, 47, 49, 50, 51, 55, 56, 59, 60, 62, 63, 64, 65, 66, 68, 71, 73, 74, 77, 79, 80, 83, 85, 88, 89, 90, 91, 92, 95, 96, 98, 99, 100, 101, 102, 103, 105, 106, 109, 110, 112, 113, 114, 116, 118, 119, 120, 121, 122, 123, 124], "summary": {"covered_lines": 68, "num_statements": 69, "percent_covered": 97.8021978021978, "percent_covered_display": "97.80", "missing_lines": 1, "excluded_lines": 4, "num_branches": 22, "num_partial_branches": 1, "covered_branches": 21, "missing_branches": 1}, "missing_lines": [104], "excluded_lines": [22, 23, 24, 25], "executed_branches": [[32, 33], [32, 34], [34, 35], [34, 37], [38, 39], [38, 47], [41, 38], [41, 42], [50, 51], [50, 56], [63, 64], [63, 65], [65, 66], [65, 68], [79, 80], [79, 85], [100, 101], [100, 106], [103, 105], [119, 120], [119, 123]], "missing_branches": [[103, 104]], "functions": {"InfoCommand.__init__": {"executed_lines": [20], "summary": {"covered_lines": 1, "num_statements": 1, "percent_covered": 100.0, "percent_covered_display": "100.00", "missing_lines": 0, "excluded_lines": 0, "num_branches": 0, "num_partial_branches": 0, "covered_branches": 0, "missing_branches": 0}, "missing_lines": [], "excluded_lines": [], "executed_branches": [], "missing_branches": []}, "InfoCommand.execute": {"executed_lines": [], "summary": {"covered_lines": 0, "num_statements": 0, "percent_covered": 100.0, "percent_covered_display": "100.00", "missing_lines": 0, "excluded_lines": 2, "num_branches": 0, "num_partial_branches": 0, "covered_branches": 0, "missing_branches": 0}, "missing_lines": [], "excluded_lines": [24, 25], "executed_branches": [], "missing_branches": []}, "ListQueriesCommand.execute": {"executed_lines": [32, 33, 34, 35, 37, 38, 39, 40, 41, 42, 46, 47, 49, 50, 51, 55, 56], "summary": {"covered_lines": 17, "num_statements": 17, "percent_covered": 100.0, "percent_covered_display": "100.00", "missing_lines": 0, "excluded_lines": 0, "num_branches": 10, "num_partial_branches": 0, "covered_branches": 10, "missing_branches": 0}, "missing_lines": [], "excluded_lines": 
[...]
issing_lines": [], "excluded_lines": [], "executed_branches": [], "missing_branches": []}}, "classes": {"TableFormatter": {"executed_lines": [23, 24, 25, 29, 31, 35, 36, 37, 38, 42, 43, 44, 45, 46, 47, 48, 51, 55, 56, 58, 62, 65, 66, 67, 70, 71, 73, 74, 75, 77, 80, 81, 97, 98, 100, 102, 103, 106, 107, 108, 109, 110, 113, 114, 115, 116, 117, 118, 119, 120, 123, 124, 125, 126, 128, 130, 131, 132, 133, 134, 139, 140, 141, 144, 145, 146, 147, 150, 151, 152, 153, 154, 157, 158, 159, 160, 162, 163, 164, 165, 166, 167, 170, 171, 173, 176, 179, 180, 183, 184, 186, 192, 193, 194, 197, 198, 199, 200, 201, 204, 209, 210, 213, 219, 220, 225, 226, 228, 234, 235, 236, 239, 240, 241, 242, 243, 246, 251, 252, 255, 261, 262, 267, 268, 270, 276, 278, 279, 280, 283, 286, 287, 290, 291, 292, 293, 295, 296, 297, 298, 299, 300, 301, 307, 310, 313, 314, 319, 320, 321, 322, 324, 325, 326, 329, 332, 335, 338, 342, 348, 349, 350, 351, 353, 354, 355, 357, 361, 362, 363, 364, 365, 366, 367, 373, 456, 459, 460, 461, 463, 464, 465, 468, 469, 470, 471, 472, 473, 474, 475, 478, 479, 481, 482, 483, 484, 486, 487, 488, 489, 490, 491, 492, 493, 497, 500, 503, 504, 506, 510, 511, 516, 521, 522, 537, 538, 553, 555, 556, 557, 559, 584, 585, 586, 587, 588, 589, 592, 593, 598, 600, 604, 605, 606, 607, 608, 609, 611, 612, 614, 615, 616, 618, 619, 621, 622, 624, 628, 629, 630, 631, 633, 637, 638, 641, 642, 646, 652, 667, 668, 675, 676, 679, 680, 681, 682, 684, 686, 690, 691, 695, 696, 699, 704, 705, 708, 709, 712, 716, 717, 720, 722, 724, 726], "summary": {"covered_lines": 284, "num_statements": 360, "percent_covered": 77.4703557312253, "percent_covered_display": "77.47", "missing_lines": 76, "excluded_lines": 0, "num_branches": 146, "num_partial_branches": 12, "covered_branches": 108, "missing_branches": 38}, "missing_lines": [49, 82, 83, 84, 85, 86, 87, 88, 90, 92, 94, 207, 221, 222, 223, 249, 263, 264, 265, 377, 380, 381, 382, 384, 385, 386, 388, 389, 390, 391, 394, 395, 396, 399, 400, 401, 402, 403, 405, 406, 407, 408, 409, 410, 411, 417, 420, 423, 424, 425, 428, 429, 430, 431, 432, 433, 434, 437, 441, 444, 445, 446, 447, 448, 449, 450, 452, 462, 480, 564, 580, 594, 647, 648, 649, 650], "excluded_lines": [], "executed_branches": [[36, 37], [36, 38], [42, 43], [42, 44], [44, 45], [44, 46], [46, 47], [46, 48], [48, 51], [55, 56], [55, 58], [66, 67], [66, 70], [71, 73], [71, 80], [74, 75], [74, 77], [81, 97], [97, 98], [97, 100], [107, 108], [107, 113], [114, 115], [114, 123], [117, 118], [117, 119], [123, 124], [123, 157], [130, 131], [130, 144], [157, 158], [157, 179], [162, 163], [162, 176], [179, 180], [179, 183], [183, 184], [183, 186], [198, 199], [198, 209], [204, 198], [209, 210], [209, 228], [213, 209], [213, 219], [220, 225], [225, 226], [240, 241], [240, 251], [246, 240], [251, 252], [251, 270], [255, 251], [255, 261], [262, 267], [267, 268], [290, 291], [290, 313], [295, 296], [295, 310], [319, 320], [319, 329], [324, 325], [324, 326], [342, 348], [342, 357], [348, 342], [348, 349], [353, 354], [353, 355], [461, 463], [479, 481], [481, 482], [481, 503], [486, 487], [486, 500], [503, 504], [503, 506], [521, 522], [521, 537], [537, 538], [537, 553], [593, 598], [606, 607], [606, 611], [615, 616], [615, 618], [621, 622], [621, 624], [637, 638], [637, 641], [641, 642], [641, 646], [646, 652], [667, 668], [667, 675], [675, 676], [675, 679], [679, 680], [679, 686], [681, 682], [681, 684], [695, 696], [695, 699], [708, 709], [708, 712], [716, 717], [716, 720]], "missing_branches": [[48, 49], [81, 82], [83, 84], [83, 85], [85, 86], [85, 87], [87, 88], [87, 90], [90, 92], [90, 94], [204, 207], [220, 221], [221, 220], [221, 222], [225, 209], [246, 249], [262, 263], [263, 262], [263, 264], [267, 251], [400, 401], [400, 423], [405, 406], [405, 420], [428, 429], [428, 437], [432, 433], [432, 434], [437, 441], [437, 452], [444, 437], [444, 445], [448, 449], [448, 450], [461, 462], [479, 480], [593, 594], [646, 647]]}, "": {"executed_lines": [2, 8, 9, 10, 11, 14, 15, 17, 27, 33, 40, 60, 188, 230, 272, 359, 375, 454, 508, 561, 582, 602, 626, 635, 688, 693, 714, 729, 734], "summary": {"covered_lines": 27, "num_statements": 27, "percent_covered": 100.0, "percent_covered_display": "100.00", "missing_lines": 0, "excluded_lines": 0, "num_branches": 0, "num_partial_branches": 0, "covered_branches": 0, "missing_branches": 0}, "missing_lines": [], "excluded_lines": [], "executed_branches": [], "missing_branches": []}}}, "tree_sitter_analyzer\\utils.py": {"executed_lines": [2, 8, 9, 10, 11, 12, 13, 17, 22, 23, 25, 27, 28, 29, 32, 34, 36, 37, 40, 41, 45, 46, 49, 50, 61, 63, 66, 67, 71, 73, 75, 79, 81, 85, 88, 97, 102, 131, 135, 139, 142, 144, 145, 154, 156, 157, 166, 168, 169, 178, 180, 181, 190, 224, 225, 227, 231, 237, 242, 244, 245, 247, 254, 255, 258, 260, 262, 263, 264, 265, 266, 267, 269, 273, 276, 282, 283, 284, 285, 286, 287, 288, 290, 291, 292, 301, 303, 306, 307, 308, 309, 310, 311, 313, 316, 317, 319, 320, 321, 322, 323, 327, 328, 329, 330, 331, 333, 334, 335], "summary": {"covered_lines": 105, "num_statements": 196, "percent_covered": 50.39370078740158, "percent_covered_display": "50.39", "missing_lines": 91, "excluded_lines": 0, "num_branches": 58, "num_partial_branches": 7, "covered_branches": 23, "missing_branches": 35}, "missing_lines": [24, 26, 30, 51, 53, 54, 55, 58, 59, 82, 86, 89, 91, 92, 94, 104, 106, 110, 111, 112, 113, 114, 115, 116, 117, 118, 121, 122, 123, 124, 125, 126, 127, 128, 146, 147, 148, 149, 150, 151, 158, 159, 160, 161, 162, 163, 170, 171, 172, 173, 174, 175, 182, 183, 184, 185, 186, 187, 193, 194, 196, 197, 200, 201, 202, 205, 207, 208, 209, 210, 211, 212, 215, 216, 217, 219, 221, 228, 229, 232, 233, 234, 235, 238, 239, 293, 294, 295, 296, 297, 298], "excluded_lines": [], "executed_branches": [[23, 25], [25, 27], [27, 28], [27, 29], [29, 32], [34, 36], [34, 63], [81, 85], [85, 88], [244, 245], [244, 247], [262, 263], [262, 269], [284, 285], [286, 287], [286, 292], [287, 288], [287, 290], [306, 307], [328, 329], [328, 331], [334, -333], [334, 335]], "missing_branches": [[23, 24], [25, 26], [29, 30], [53, 54], [53, 61], [81, 82], [85, 86], [110, -102], [110, 111], [111, 110], [111, 112], [116, 111], [116, 117], [124, -102], [124, 125], [147, -142], [147, 148], [159, -154], [159, 160], [171, -166], [171, 172], [183, -178], [183, 184], [196, 197], [196, 200], [210, 211], [210, 217], [232, 233], [232, 235], [238, -237], [238, 239], [284, 286], [294, -276], [294, 295], [306, 313]], "functions": {"setup_logger": {"executed_lines": [22, 23, 25, 27, 28, 29, 32, 34, 36, 37, 40, 41, 45, 46, 49, 50, 61, 63], "summary": {"covered_lines": 18, "num_statements": 27, "percent_covered": 64.1025641025641, "percent_covered_display": "64.10", "missing_lines": 9, "excluded_lines": 0, "num_branches": 12, "num_partial_branches": 3, "covered_branches": 7, "missing_branches": 5}, "missing_lines": [24, 26, 30, 51, 53, 54, 55, 58, 59], "excluded_lines": [], "executed_branches": [[23, 25], [25, 27], [27, 28], [27, 29], [29, 32], [34, 36], [34, 63]], "missing_branches": [[23, 24], [25, 26], [29, 30], [53, 54], [53, 61]]}, "SafeStreamHandler.__init__": {"executed_lines": [73], "summary": {"covered_lines": 1, "num_statements": 1, "percent_covered": 100.0, "percent_covered_display": "100.00", "missing_lines": 0, "excluded_lines": 0, "num_branches": 0, "num_partial_branches": 0, "covered_branches": 0, "missing_branches": 0}, "missing_lines": [], "excluded_lines": [], "executed_branches": [], "missing_branches": []}, "SafeStreamHandler.emit": {"executed_lines": [79, 81, 85, 88], "summary": {"covered_lines": 4, "num_statements": 10, "percent_covered": 42.857142857142854, "percent_covered_display": "42.86", "missing_lines": 6, "excluded_lines": 0, "num_branches": 4, "num_partial_branches": 2, "covered_branches": 2, "missing_branches": 2}, "missing_lines": [82, 86, 89, 91, 92, 94], "excluded_lines": [], "executed_branches": [[81, 85], [85, 88]], "missing_branches": [[81, 82], [85, 86]]}, "setup_safe_logging_shutdown": {"executed_lines": [102, 131], "summary": {"covered_lines": 2, "num_statements": 2, "percent_covered": 100.0, "percent_covered_display": "100.00", "missing_lines": 0, "excluded_lines": 0, "num_branches": 0, "num_partial_branches": 0, "covered_branches": 0, "missing_branches": 0}, "missing_lines": [], "excluded_lines": [], "executed_branches": [], "missing_branches": []}, "setup_safe_logging_shutdown.cleanup_logging": {"executed_lines": [], "summary": {"covered_lines": 0, "num_statements": 19, "percent_covered": 0.0, "percent_covered_display": "0.00", "missing_lines": 19, "excluded_lines": 0, "num_branches": 8, "num_partial_branches": 0, "covered_branches": 0, "missing_branches": 8}, "missing_lines": [104, 106, 110, 111, 112, 113, 114, 115, 116, 117, 118, 121, 122, 123, 124, 125, 126, 127, 128], "excluded_lines": [], "executed_branches": [], "missing_branches": [[110, -102], [110, 111], [111, 110], [111, 112], [116, 111], [116, 117], [124, -102], [124, 125]]}, "log_info": {"executed_lines": [144, 145], "summary": {"covered_lines": 2, "num_statements": 8, "percent_covered": 20.0, "percent_covered_display": "20.00", "missing_lines": 6, "excluded_lines": 0, "num_branches": 2, "num_partial_branches": 0, "covered_branches": 0, "missing_branches": 2}, "missing_lines": [146, 147, 148, 149, 150, 151], "excluded_lines": [], "executed_branches": [], "missing_branches": [[147, -142], [147, 148]]}, "log_warning": {"executed_lines": [156, 157], "summary": {"covered_lines": 2, "num_statements": 8, "percent_covered": 20.0, "percent_covered_display": "20.00", "missing_lines": 6, "excluded_lines": 0, "num_branches": 2, "num_partial_branches": 0, "covered_branches": 0, "missing_branches": 2}, "missing_lines": [158, 159, 160, 161, 162, 163], "excluded_lines": [], "executed_branches": [], "missing_branches": [[159, -154], [159, 160]]}, "log_error": {"executed_lines": [168, 169], "summary": {"covered_lines": 2, "num_statements": 8, "percent_covered": 20.0, "percent_covered_display": "20.00", "missing_lines": 6, "excluded_lines": 0, "num_branches": 2, "num_partial_branches": 0, "covered_branches": 0, "missing_branches": 2}, "missing_lines": [170, 171, 172, 173, 174, 175], "excluded_lines": [], "executed_branches": [], "missing_branches": [[171, -166], [171, 172]]}, "log_debug": {"executed_lines": [180, 181], "summary": {"covered_lines": 2, "num_statements": 8, "percent_covered": 20.0, "percent_covered_display": "20.00", "missing_lines": 6, "excluded_lines": 0, "num_branches": 2, "num_partial_branches": 0, "covered_branches": 0, "missing_branches": 2}, "missing_lines": [182, 183, 184, 185, 186, 187], "excluded_lines": [], "executed_branches": [], "missing_branches": [[183, -178], [183, 184]]}, "suppress_output": {"executed_lines": [], "summary": {"covered_lines": 0, "num_statements": 3, "percent_covered": 0.0, "percent_covered_display": "0.00", "missing_lines": 3, "excluded_lines": 0, "num_branches": 0, "num_partial_branches": 0, "covered_branches": 0, "missing_branches": 0}, "missing_lines": [193, 194, 221], "excluded_lines": [], "executed_branches": [], "missing_branches": []}, "suppress_output.wrapper": {"executed_lines": [], "summary": {"covered_lines": 0, "num_statements": 16, "percent_covered": 0.0, "percent_covered_display": "0.00", "missing_lines": 16, "excluded_lines": 0, "num_branches": 4, "num_partial_branches": 0, "covered_branches": 0, "missing_branches": 4}, "missing_lines": [196, 197, 200, 201, 202, 205, 207, 208, 209, 210, 211, 212, 215, 216, 217, 219], "excluded_lines": [], "executed_branches": [], "missing_branches": [[196, 197], [196, 200], [210, 211], [210, 217]]}, "QuietMode.__init__": {"executed_lines": [], "summary": {"covered_lines": 0, "num_statements": 2, "percent_covered": 0.0, "percent_covered_display": "0.00", "missing_lines": 2, "excluded_lines": 0, "num_branches": 0, "num_partial_branches": 0, "covered_branches": 0, "missing_branches": 0}, "missing_lines": [228, 229], "excluded_lines": [], "executed_branches": [], "missing_branches": []}, "QuietMode.__enter__": {"executed_lines": [], "summary": {"covered_lines": 0, "num_statements": 4, "percent_covered": 0.0, "percent_covered_display": "0.00", "missing_lines": 4, "excluded_lines": 0, "num_branches": 2, "num_partial_branches": 0, "covered_branches": 0, "missing_branches": 2}, "missing_lines": [232, 233, 234, 235], "excluded_lines": [], "executed_branches": [], "missing_branches": [[232, 233], [232, 235]]}, "QuietMode.__exit__": {"executed_lines": [], "summary": {"covered_lines": 0, "num_statements": 2, "percent_covered": 0.0, "percent_covered_display": "0.00", "missing_lines": 2, "excluded_lines": 0, "num_branches": 2, "num_partial_branches": 0, "covered_branches": 0, "missing_branches": 2}, "missing_lines": [238, 239], "excluded_lines": [], "executed_branches": [], "missing_branches": [[238, -237], [238, 239]]}, "safe_print": {"executed_lines": [244, 245, 247, 254, 255], "summary": {"covered_lines": 5, "num_statements": 5, "percent_covered": 100.0, "percent_covered_display": "100.00", "missing_lines": 0, "excluded_lines": 0, "num_branches": 2, "num_partial_branches": 0, "covered_branches": 2, "missing_branches": 0}, "missing_lines": [], "excluded_lines": [], "executed_branches": [[244, 245], [244, 247]], "missing_branches": []}, "create_performance_logger": {"executed_lines": [260, 262, 263, 264, 265, 266, 267, 269], "summary": {"covered_lines": 8, "num_statements": 8, "percent_covered": 100.0, "percent_covered_display": "100.00", "missing_lines": 0, "excluded_lines": 0, "num_branches": 2, "num_partial_branches": 0, "covered_branches": 2, "missing_branches": 0}, "missing_lines": [], "excluded_lines": [], "executed_branches": [[262, 263], [262, 269]], "missing_branches": []}, "log_performance": {"executed_lines": [282, 283, 284, 285, 286, 287, 288, 290, 291, 292], "summary": {"covered_lines": 10, "num_statements": 16, "percent_covered": 62.5, "percent_covered_display": "62.50", "missing_lines": 6, "excluded_lines": 0, "num_branches": 8, "num_partial_branches": 1, "covered_branches": 5, "missing_branches": 3}, "missing_lines": [293, 294, 295, 296, 297, 298], "excluded_lines": [], "executed_branches": [[284, 285], [286, 287], [286, 292], [287, 288], [287, 290]], "missing_branches": [[284, 286], [294, -276], [294, 295]]}, "setup_performance_logger": {"executed_lines": [303, 306, 307, 308, 309, 310, 311, 313], "summary": {"covered_lines": 8, "num_statements": 8, "percent_covered": 90.0, "percent_covered_display": "90.00", "missing_lines": 0, "excluded_lines": 0, "num_branches": 2, "num_partial_branches": 1, "covered_branches": 1, "missing_branches": 1}, "missing_lines": [], "excluded_lines": [], "executed_branches": [[306, 307]], "missing_branches": [[306, 313]]}, "LoggingContext.__init__": {"executed_lines": [320, 321, 322, 323], "summary": {"covered_lines": 4, "num_statements": 4, "percent_covered": 100.0, "percent_covered_display": "100.00", "missing_lines": 0, "excluded_lines": 0, "num_branches": 0, "num_partial_branches": 0, "covered_branches": 0, "missing_branches": 0}, "missing_lines": [], "excluded_lines": [], "executed_branches": [], "missing_branches": []}, "LoggingContext.__enter__": {"executed_lines": [328, 329, 330, 331], "summary": {"covered_lines": 4, "num_statements": 4, "percent_covered": 100.0, "percent_covered_display": "100.00", "missing_lines": 0, "excluded_lines": 0, "num_branches": 2, "num_partial_branches": 0, "covered_branches": 2, "missing_branches": 0}, "missing_lines": [], "excluded_lines": [], "executed_branches": [[328, 329], [328, 331]], "missing_branches": []}, "LoggingContext.__exit__": {"executed_lines": [334, 335], "summary": {"covered_lines": 2, "num_statements": 2, "percent_covered": 100.0, "percent_covered_display": "100.00", "missing_lines": 0, "excluded_lines": 0, "num_branches": 2, "num_partial_branches": 0, "covered_branches": 2, "missing_branches": 0}, "missing_lines": [], "excluded_lines": [], "executed_branches": [[334, -333], [334, 335]], "missing_branches": []}, "": {"executed_lines": [2, 8, 9, 10, 11, 12, 13, 17, 66, 67, 71, 75, 97, 135, 139, 142, 154, 166, 178, 190, 224, 225, 227, 231, 237, 242, 258, 273, 276, 301, 316, 317, 319, 327, 333], "summary": {"covered_lines": 31, "num_statements": 31, "percent_covered": 100.0, "percent_covered_display": "100.00", "missing_lines": 0, "excluded_lines": 0, "num_branches": 0, "num_partial_branches": 0, "covered_branches": 0, "missing_branches": 0}, "missing_lines": [], "excluded_lines": [], "executed_branches": [], "missing_branches": []}}, "classes": {"SafeStreamHandler": {"executed_lines": [73, 79, 81, 85, 88], "summary": {"covered_lines": 5, "num_statements": 11, "percent_covered": 46.666666666666664, "percent_covered_display": "46.67", "missing_lines": 6, "excluded_lines": 0, "num_branches": 4, "num_partial_branches": 2, "covered_branches": 2, "missing_branches": 2}, "missing_lines": [82, 86, 89, 91, 92, 94], "excluded_lines": [], "executed_branches": [[81, 85], [85, 88]], "missing_branches": [[81, 82], [85, 86]]}, "QuietMode": {"executed_lines": [], "summary": {"covered_lines": 0, "num_statements": 8, "percent_covered": 0.0, "percent_covered_display": "0.00", "missing_lines": 8, "excluded_lines": 0, "num_branches": 4, "num_partial_branches": 0, "covered_branches": 0, "missing_branches": 4}, "missing_lines": [228, 229, 232, 233, 234, 235, 238, 239], "excluded_lines": [], "executed_branches": [], "missing_branches": [[232, 233], [232, 235], [238, -237], [238, 239]]}, "LoggingContext": {"executed_lines": [320, 321, 322, 323, 328, 329, 330, 331, 334, 335], "summary": {"covered_lines": 10, "num_statements": 10, "percent_covered": 100.0, "percent_covered_display": "100.00", "missing_lines": 0, "excluded_lines": 0, "num_branches": 4, "num_partial_branches": 0, "covered_branches": 4, "missing_branches": 0}, "missing_lines": [], "excluded_lines": [], "executed_branches": [[328, 329], [328, 331], [334, -333], [334, 335]], "missing_branches": []}, "": {"executed_lines": [2, 8, 9, 10, 11, 12, 13, 17, 22, 23, 25, 27, 28, 29, 32, 34, 36, 37, 40, 41, 45, 46, 49, 50, 61, 63, 66, 67, 71, 75, 97, 102, 131, 135, 139, 142, 144, 145, 154, 156, 157, 166, 168, 169, 178, 180, 181, 190, 224, 225, 227, 231, 237, 242, 244, 245, 247, 254, 255, 258, 260, 262, 263, 264, 265, 266, 267, 269, 273, 276, 282, 283, 284, 285, 286, 287, 288, 290, 291, 292, 301, 303, 306, 307, 308, 309, 310, 311, 313, 316, 317, 319, 327, 333], "summary": {"covered_lines": 90, "num_statements": 167, "percent_covered": 50.23474178403756, "percent_covered_display": "50.23", "missing_lines": 77, "excluded_lines": 0, "num_branches": 46, "num_partial_branches": 5, "covered_branches": 17, "missing_branches": 29}, "missing_lines": [24, 26, 30, 51, 53, 54, 55, 58, 59, 104, 106, 110, 111, 112, 113, 114, 115, 116, 117, 118, 121, 122, 123, 124, 125, 126, 127, 128, 146, 147, 148, 149, 150, 151, 158, 159, 160, 161, 162, 163, 170, 171, 172, 173, 174, 175, 182, 183, 184, 185, 186, 187, 193, 194, 196, 197, 200, 201, 202, 205, 207, 208, 209, 210, 211, 212, 215, 216, 217, 219, 221, 293, 294, 295, 296, 297, 298], "excluded_lines": [], "executed_branches": [[23, 25], [25, 27], [27, 28], [27, 29], [29, 32], [34, 36], [34, 63], [244, 245], [244, 247], [262, 263], [262, 269], [284, 285], [286, 287], [286, 292], [287, 288], [287, 290], [306, 307]], "missing_branches": [[23, 24], [25, 26], [29, 30], [53, 54], [53, 61], [110, -102], [110, 111], [111, 110], [111, 112], [116, 111], [116, 117], [124, -102], [124, 125], [147, -142], [147, 148], [159, -154], [159, 160], [171, -166], [171, 172], [183, -178], [183, 184], [196, 197], [196, 200], [210, 211], [210, 217], [284, 286], [294, -276], [294, 295], [306, 313]]}}}}, "totals": {"covered_lines": 8306, "num_statements": 11164, "percent_covered": 71.50112122411291, "percent_covered_display": "71.50", "missing_lines": 2858, "excluded_lines": 307, "num_branches": 3998, "num_partial_branches": 623, "covered_branches": 2535, "missing_branches": 1463}}
